<?xml version="1.0" encoding="UTF-8"?>
<testsuite name="com.sdg.cmdb.template.tomcat.TomcatSetEnvTest" tests="1" skipped="0" failures="1" errors="0" timestamp="2017-09-30T06:56:17" hostname="localhost" time="0.001">
  <properties/>
  <testcase name="test" classname="com.sdg.cmdb.template.tomcat.TomcatSetEnvTest" time="0.001">
    <failure message="java.lang.IllegalStateException: Failed to load ApplicationContext" type="java.lang.IllegalStateException">java.lang.IllegalStateException: Failed to load ApplicationContext
	at org.springframework.test.context.cache.DefaultCacheAwareContextLoaderDelegate.loadContext(DefaultCacheAwareContextLoaderDelegate.java:124)
	at org.springframework.test.context.support.DefaultTestContext.getApplicationContext(DefaultTestContext.java:83)
	at org.springframework.test.context.support.DependencyInjectionTestExecutionListener.injectDependencies(DependencyInjectionTestExecutionListener.java:117)
	at org.springframework.test.context.support.DependencyInjectionTestExecutionListener.prepareTestInstance(DependencyInjectionTestExecutionListener.java:83)
	at org.springframework.test.context.TestContextManager.prepareTestInstance(TestContextManager.java:230)
	at org.springframework.test.context.junit4.SpringJUnit4ClassRunner.createTest(SpringJUnit4ClassRunner.java:228)
	at org.springframework.test.context.junit4.SpringJUnit4ClassRunner$1.runReflectiveCall(SpringJUnit4ClassRunner.java:287)
	at org.junit.internal.runners.model.ReflectiveCallable.run(ReflectiveCallable.java:12)
	at org.springframework.test.context.junit4.SpringJUnit4ClassRunner.methodBlock(SpringJUnit4ClassRunner.java:289)
	at org.springframework.test.context.junit4.SpringJUnit4ClassRunner.runChild(SpringJUnit4ClassRunner.java:247)
	at org.springframework.test.context.junit4.SpringJUnit4ClassRunner.runChild(SpringJUnit4ClassRunner.java:94)
	at org.junit.runners.ParentRunner$3.run(ParentRunner.java:290)
	at org.junit.runners.ParentRunner$1.schedule(ParentRunner.java:71)
	at org.junit.runners.ParentRunner.runChildren(ParentRunner.java:288)
	at org.junit.runners.ParentRunner.access$000(ParentRunner.java:58)
	at org.junit.runners.ParentRunner$2.evaluate(ParentRunner.java:268)
	at org.springframework.test.context.junit4.statements.RunBeforeTestClassCallbacks.evaluate(RunBeforeTestClassCallbacks.java:61)
	at org.springframework.test.context.junit4.statements.RunAfterTestClassCallbacks.evaluate(RunAfterTestClassCallbacks.java:70)
	at org.junit.runners.ParentRunner.run(ParentRunner.java:363)
	at org.springframework.test.context.junit4.SpringJUnit4ClassRunner.run(SpringJUnit4ClassRunner.java:191)
	at org.gradle.api.internal.tasks.testing.junit.JUnitTestClassExecuter.runTestClass(JUnitTestClassExecuter.java:114)
	at org.gradle.api.internal.tasks.testing.junit.JUnitTestClassExecuter.execute(JUnitTestClassExecuter.java:57)
	at org.gradle.api.internal.tasks.testing.junit.JUnitTestClassProcessor.processTestClass(JUnitTestClassProcessor.java:66)
	at org.gradle.api.internal.tasks.testing.SuiteTestClassProcessor.processTestClass(SuiteTestClassProcessor.java:51)
	at sun.reflect.NativeMethodAccessorImpl.invoke0(Native Method)
	at sun.reflect.NativeMethodAccessorImpl.invoke(NativeMethodAccessorImpl.java:62)
	at sun.reflect.DelegatingMethodAccessorImpl.invoke(DelegatingMethodAccessorImpl.java:43)
	at java.lang.reflect.Method.invoke(Method.java:498)
	at org.gradle.internal.dispatch.ReflectionDispatch.dispatch(ReflectionDispatch.java:35)
	at org.gradle.internal.dispatch.ReflectionDispatch.dispatch(ReflectionDispatch.java:24)
	at org.gradle.internal.dispatch.ContextClassLoaderDispatch.dispatch(ContextClassLoaderDispatch.java:32)
	at org.gradle.internal.dispatch.ProxyDispatchAdapter$DispatchingInvocationHandler.invoke(ProxyDispatchAdapter.java:93)
	at com.sun.proxy.$Proxy2.processTestClass(Unknown Source)
	at org.gradle.api.internal.tasks.testing.worker.TestWorker.processTestClass(TestWorker.java:109)
	at sun.reflect.NativeMethodAccessorImpl.invoke0(Native Method)
	at sun.reflect.NativeMethodAccessorImpl.invoke(NativeMethodAccessorImpl.java:62)
	at sun.reflect.DelegatingMethodAccessorImpl.invoke(DelegatingMethodAccessorImpl.java:43)
	at java.lang.reflect.Method.invoke(Method.java:498)
	at org.gradle.internal.dispatch.ReflectionDispatch.dispatch(ReflectionDispatch.java:35)
	at org.gradle.internal.dispatch.ReflectionDispatch.dispatch(ReflectionDispatch.java:24)
	at org.gradle.internal.remote.internal.hub.MessageHub$Handler.run(MessageHub.java:377)
	at org.gradle.internal.concurrent.ExecutorPolicy$CatchAndRecordFailures.onExecute(ExecutorPolicy.java:54)
	at org.gradle.internal.concurrent.StoppableExecutorImpl$1.run(StoppableExecutorImpl.java:40)
	at java.util.concurrent.ThreadPoolExecutor.runWorker(ThreadPoolExecutor.java:1149)
	at java.util.concurrent.ThreadPoolExecutor$Worker.run(ThreadPoolExecutor.java:624)
	at java.lang.Thread.run(Thread.java:748)
Caused by: org.springframework.beans.factory.BeanDefinitionStoreException: Invalid bean definition with name 'jedisConnFactory' defined in URL [jar:file:/Users/liangjian/Documents/workspace/IDCCC/cmdb/cmdb-service/build/libs/cmdb-service-1.0.0-SNAPSHOT.jar!/spring/redis.xml]: Could not resolve placeholder 'redis.host' in string value &quot;${redis.host}&quot;; nested exception is java.lang.IllegalArgumentException: Could not resolve placeholder 'redis.host' in string value &quot;${redis.host}&quot;
	at org.springframework.beans.factory.config.PlaceholderConfigurerSupport.doProcessProperties(PlaceholderConfigurerSupport.java:223)
	at org.springframework.beans.factory.config.PropertyPlaceholderConfigurer.processProperties(PropertyPlaceholderConfigurer.java:222)
	at org.springframework.beans.factory.config.PropertyResourceConfigurer.postProcessBeanFactory(PropertyResourceConfigurer.java:86)
	at org.springframework.context.support.PostProcessorRegistrationDelegate.invokeBeanFactoryPostProcessors(PostProcessorRegistrationDelegate.java:284)
	at org.springframework.context.support.PostProcessorRegistrationDelegate.invokeBeanFactoryPostProcessors(PostProcessorRegistrationDelegate.java:166)
	at org.springframework.context.support.AbstractApplicationContext.invokeBeanFactoryPostProcessors(AbstractApplicationContext.java:681)
	at org.springframework.context.support.AbstractApplicationContext.refresh(AbstractApplicationContext.java:523)
	at org.springframework.test.context.support.AbstractGenericContextLoader.loadContext(AbstractGenericContextLoader.java:128)
	at org.springframework.test.context.support.AbstractGenericContextLoader.loadContext(AbstractGenericContextLoader.java:60)
	at org.springframework.test.context.support.AbstractDelegatingSmartContextLoader.delegateLoading(AbstractDelegatingSmartContextLoader.java:108)
	at org.springframework.test.context.support.AbstractDelegatingSmartContextLoader.loadContext(AbstractDelegatingSmartContextLoader.java:251)
	at org.springframework.test.context.cache.DefaultCacheAwareContextLoaderDelegate.loadContextInternal(DefaultCacheAwareContextLoaderDelegate.java:98)
	at org.springframework.test.context.cache.DefaultCacheAwareContextLoaderDelegate.loadContext(DefaultCacheAwareContextLoaderDelegate.java:116)
	... 45 more
Caused by: java.lang.IllegalArgumentException: Could not resolve placeholder 'redis.host' in string value &quot;${redis.host}&quot;
	at org.springframework.util.PropertyPlaceholderHelper.parseStringValue(PropertyPlaceholderHelper.java:174)
	at org.springframework.util.PropertyPlaceholderHelper.replacePlaceholders(PropertyPlaceholderHelper.java:126)
	at org.springframework.beans.factory.config.PropertyPlaceholderConfigurer$PlaceholderResolvingStringValueResolver.resolveStringValue(PropertyPlaceholderConfigurer.java:258)
	at org.springframework.beans.factory.config.BeanDefinitionVisitor.resolveStringValue(BeanDefinitionVisitor.java:282)
	at org.springframework.beans.factory.config.BeanDefinitionVisitor.resolveValue(BeanDefinitionVisitor.java:204)
	at org.springframework.beans.factory.config.BeanDefinitionVisitor.visitPropertyValues(BeanDefinitionVisitor.java:141)
	at org.springframework.beans.factory.config.BeanDefinitionVisitor.visitBeanDefinition(BeanDefinitionVisitor.java:82)
	at org.springframework.beans.factory.config.PlaceholderConfigurerSupport.doProcessProperties(PlaceholderConfigurerSupport.java:220)
	... 57 more
</failure>
  </testcase>
  <system-out><![CDATA[14:56:17.208 [Test worker] DEBUG org.springframework.test.context.junit4.SpringJUnit4ClassRunner - SpringJUnit4ClassRunner constructor called with [class com.sdg.cmdb.template.tomcat.TomcatSetEnvTest]
14:56:17.208 [Test worker] DEBUG org.springframework.test.context.BootstrapUtils - Instantiating CacheAwareContextLoaderDelegate from class [org.springframework.test.context.cache.DefaultCacheAwareContextLoaderDelegate]
14:56:17.208 [Test worker] DEBUG org.springframework.test.context.BootstrapUtils - Instantiating BootstrapContext using constructor [public org.springframework.test.context.support.DefaultBootstrapContext(java.lang.Class,org.springframework.test.context.CacheAwareContextLoaderDelegate)]
14:56:17.209 [Test worker] DEBUG org.springframework.test.context.BootstrapUtils - Instantiating TestContextBootstrapper for test class [com.sdg.cmdb.template.tomcat.TomcatSetEnvTest] from class [org.springframework.test.context.support.DefaultTestContextBootstrapper]
14:56:17.210 [Test worker] DEBUG org.springframework.test.context.support.AbstractDelegatingSmartContextLoader - Delegating to GenericGroovyXmlContextLoader to process context configuration [ContextConfigurationAttributes@23f352c8 declaringClass = 'com.sdg.cmdb.template.tomcat.TomcatSetEnvTest', classes = '{}', locations = '{classpath:springtest/context.xml}', inheritLocations = true, initializers = '{}', inheritInitializers = true, name = [null], contextLoaderClass = 'org.springframework.test.context.ContextLoader'].
14:56:17.211 [Test worker] DEBUG org.springframework.test.context.support.ActiveProfilesUtils - Could not find an 'annotation declaring class' for annotation type [org.springframework.test.context.ActiveProfiles] and class [com.sdg.cmdb.template.tomcat.TomcatSetEnvTest]
14:56:17.211 [Test worker] DEBUG org.springframework.test.context.support.DefaultTestContextBootstrapper - @TestExecutionListeners is not present for class [com.sdg.cmdb.template.tomcat.TomcatSetEnvTest]: using defaults.
14:56:17.212 [Test worker] INFO org.springframework.test.context.support.DefaultTestContextBootstrapper - Loaded default TestExecutionListener class names from location [META-INF/spring.factories]: [org.springframework.test.context.web.ServletTestExecutionListener, org.springframework.test.context.support.DirtiesContextBeforeModesTestExecutionListener, org.springframework.test.context.support.DependencyInjectionTestExecutionListener, org.springframework.test.context.support.DirtiesContextTestExecutionListener, org.springframework.test.context.transaction.TransactionalTestExecutionListener, org.springframework.test.context.jdbc.SqlScriptsTestExecutionListener]
14:56:17.212 [Test worker] INFO org.springframework.test.context.support.DefaultTestContextBootstrapper - Could not instantiate TestExecutionListener [org.springframework.test.context.web.ServletTestExecutionListener]. Specify custom listener classes or make the default listener classes (and their required dependencies) available. Offending class: [javax/servlet/ServletContext]
14:56:17.213 [Test worker] INFO org.springframework.test.context.support.DefaultTestContextBootstrapper - Using TestExecutionListeners: [org.springframework.test.context.support.DirtiesContextBeforeModesTestExecutionListener@4749ffe7, org.springframework.test.context.support.DependencyInjectionTestExecutionListener@311b0306, org.springframework.test.context.support.DirtiesContextTestExecutionListener@2b31e621, org.springframework.test.context.transaction.TransactionalTestExecutionListener@57319432, org.springframework.test.context.jdbc.SqlScriptsTestExecutionListener@5f0ffff4]
14:56:17.213 [Test worker] DEBUG org.springframework.test.annotation.ProfileValueUtils - Retrieved @ProfileValueSourceConfiguration [null] for test class [com.sdg.cmdb.template.tomcat.TomcatSetEnvTest]
14:56:17.213 [Test worker] DEBUG org.springframework.test.annotation.ProfileValueUtils - Retrieved ProfileValueSource type [class org.springframework.test.annotation.SystemProfileValueSource] for class [com.sdg.cmdb.template.tomcat.TomcatSetEnvTest]
14:56:17.213 [Test worker] DEBUG org.springframework.test.annotation.ProfileValueUtils - Retrieved @ProfileValueSourceConfiguration [null] for test class [com.sdg.cmdb.template.tomcat.TomcatSetEnvTest]
14:56:17.214 [Test worker] DEBUG org.springframework.test.annotation.ProfileValueUtils - Retrieved ProfileValueSource type [class org.springframework.test.annotation.SystemProfileValueSource] for class [com.sdg.cmdb.template.tomcat.TomcatSetEnvTest]
14:56:17.214 [Test worker] DEBUG org.springframework.test.context.support.AbstractDirtiesContextTestExecutionListener - Before test class: context [DefaultTestContext@3665c420 testClass = TomcatSetEnvTest, testInstance = [null], testMethod = [null], testException = [null], mergedContextConfiguration = [MergedContextConfiguration@12412c23 testClass = TomcatSetEnvTest, locations = '{classpath:springtest/context.xml}', classes = '{}', contextInitializerClasses = '[]', activeProfiles = '{}', propertySourceLocations = '{}', propertySourceProperties = '{}', contextCustomizers = set[[empty]], contextLoader = 'org.springframework.test.context.support.DelegatingSmartContextLoader', parent = [null]]], class annotated with @DirtiesContext [false] with mode [null].
14:56:17.214 [Test worker] DEBUG org.springframework.test.annotation.ProfileValueUtils - Retrieved @ProfileValueSourceConfiguration [null] for test class [com.sdg.cmdb.template.tomcat.TomcatSetEnvTest]
14:56:17.214 [Test worker] DEBUG org.springframework.test.annotation.ProfileValueUtils - Retrieved ProfileValueSource type [class org.springframework.test.annotation.SystemProfileValueSource] for class [com.sdg.cmdb.template.tomcat.TomcatSetEnvTest]
14:56:17.214 [Test worker] DEBUG org.springframework.test.context.support.DependencyInjectionTestExecutionListener - Performing dependency injection for test context [[DefaultTestContext@3665c420 testClass = TomcatSetEnvTest, testInstance = com.sdg.cmdb.template.tomcat.TomcatSetEnvTest@498aba5d, testMethod = [null], testException = [null], mergedContextConfiguration = [MergedContextConfiguration@12412c23 testClass = TomcatSetEnvTest, locations = '{classpath:springtest/context.xml}', classes = '{}', contextInitializerClasses = '[]', activeProfiles = '{}', propertySourceLocations = '{}', propertySourceProperties = '{}', contextCustomizers = set[[empty]], contextLoader = 'org.springframework.test.context.support.DelegatingSmartContextLoader', parent = [null]]]].
14:56:17.215 [Test worker] DEBUG org.springframework.test.context.support.AbstractDelegatingSmartContextLoader - Delegating to GenericGroovyXmlContextLoader to load context from [MergedContextConfiguration@12412c23 testClass = TomcatSetEnvTest, locations = '{classpath:springtest/context.xml}', classes = '{}', contextInitializerClasses = '[]', activeProfiles = '{}', propertySourceLocations = '{}', propertySourceProperties = '{}', contextCustomizers = set[[empty]], contextLoader = 'org.springframework.test.context.support.DelegatingSmartContextLoader', parent = [null]].
14:56:17.215 [Test worker] DEBUG org.springframework.test.context.support.AbstractGenericContextLoader - Loading ApplicationContext for merged context configuration [[MergedContextConfiguration@12412c23 testClass = TomcatSetEnvTest, locations = '{classpath:springtest/context.xml}', classes = '{}', contextInitializerClasses = '[]', activeProfiles = '{}', propertySourceLocations = '{}', propertySourceProperties = '{}', contextCustomizers = set[[empty]], contextLoader = 'org.springframework.test.context.support.DelegatingSmartContextLoader', parent = [null]]].
14:56:17.216 [Test worker] DEBUG org.springframework.core.env.StandardEnvironment - Adding [systemProperties] PropertySource with lowest search precedence
14:56:17.216 [Test worker] DEBUG org.springframework.core.env.StandardEnvironment - Adding [systemEnvironment] PropertySource with lowest search precedence
14:56:17.216 [Test worker] DEBUG org.springframework.core.env.StandardEnvironment - Initialized StandardEnvironment with PropertySources [systemProperties,systemEnvironment]
14:56:17.216 [Test worker] INFO org.springframework.beans.factory.xml.XmlBeanDefinitionReader - Loading XML bean definitions from class path resource [springtest/context.xml]
14:56:17.218 [Test worker] DEBUG org.springframework.beans.factory.xml.DefaultDocumentLoader - Using JAXP provider [org.apache.xerces.jaxp.DocumentBuilderFactoryImpl]
14:56:17.219 [Test worker] DEBUG org.springframework.beans.factory.xml.PluggableSchemaResolver - Loading schema mappings from [META-INF/spring.schemas]
14:56:17.221 [Test worker] DEBUG org.springframework.beans.factory.xml.PluggableSchemaResolver - Loaded schema mappings: {http://www.springframework.org/schema/tx/spring-tx-4.3.xsd=org/springframework/transaction/config/spring-tx-4.3.xsd, http://www.springframework.org/schema/tx/spring-tx-2.5.xsd=org/springframework/transaction/config/spring-tx-2.5.xsd, http://www.springframework.org/schema/cache/spring-cache-4.2.xsd=org/springframework/cache/config/spring-cache-4.2.xsd, http://www.springframework.org/schema/aop/spring-aop-4.1.xsd=org/springframework/aop/config/spring-aop-4.1.xsd, http://www.springframework.org/schema/context/spring-context-3.1.xsd=org/springframework/context/config/spring-context-3.1.xsd, http://www.springframework.org/schema/data/repository/spring-repository-1.4.xsd=org/springframework/data/repository/config/spring-repository-1.4.xsd, http://www.springframework.org/schema/jdbc/spring-jdbc-4.1.xsd=org/springframework/jdbc/config/spring-jdbc-4.1.xsd, http://www.springframework.org/schema/mvc/spring-mvc-4.1.xsd=org/springframework/web/servlet/config/spring-mvc-4.1.xsd, http://www.springframework.org/schema/util/spring-util-3.0.xsd=org/springframework/beans/factory/xml/spring-util-3.0.xsd, http://mybatis.org/schema/mybatis-spring-1.2.xsd=org/mybatis/spring/config/mybatis-spring-1.2.xsd, http://www.springframework.org/schema/aop/spring-aop-3.2.xsd=org/springframework/aop/config/spring-aop-3.2.xsd, http://www.springframework.org/schema/tool/spring-tool.xsd=org/springframework/beans/factory/xml/spring-tool-4.3.xsd, http://www.springframework.org/schema/redis/spring-redis.xsd=org/springframework/data/redis/config/spring-redis-1.0.xsd, http://www.springframework.org/schema/lang/spring-lang-4.1.xsd=org/springframework/scripting/config/spring-lang-4.1.xsd, http://www.springframework.org/schema/context/spring-context-4.0.xsd=org/springframework/context/config/spring-context-4.0.xsd, http://www.springframework.org/schema/mvc/spring-mvc-3.2.xsd=org/springframework/web/servlet/config/spring-mvc-3.2.xsd, http://www.springframework.org/schema/beans/spring-beans-4.2.xsd=org/springframework/beans/factory/xml/spring-beans-4.2.xsd, http://www.springframework.org/schema/oxm/spring-oxm-3.0.xsd=org/springframework/oxm/config/spring-oxm-3.0.xsd, http://www.springframework.org/schema/tool/spring-tool-4.1.xsd=org/springframework/beans/factory/xml/spring-tool-4.1.xsd, http://www.springframework.org/schema/lang/spring-lang-3.2.xsd=org/springframework/scripting/config/spring-lang-3.2.xsd, http://www.springframework.org/schema/cache/spring-cache-3.2.xsd=org/springframework/cache/config/spring-cache-3.2.xsd, http://www.springframework.org/schema/jee/spring-jee-4.1.xsd=org/springframework/ejb/config/spring-jee-4.1.xsd, http://www.springframework.org/schema/jdbc/spring-jdbc-3.1.xsd=org/springframework/jdbc/config/spring-jdbc-3.1.xsd, http://www.springframework.org/schema/util/spring-util-2.0.xsd=org/springframework/beans/factory/xml/spring-util-2.0.xsd, http://www.springframework.org/schema/task/spring-task-4.2.xsd=org/springframework/scheduling/config/spring-task-4.2.xsd, http://www.springframework.org/schema/tool/spring-tool-3.2.xsd=org/springframework/beans/factory/xml/spring-tool-3.2.xsd, http://www.springframework.org/schema/context/spring-context.xsd=org/springframework/context/config/spring-context-4.3.xsd, http://www.springframework.org/schema/tx/spring-tx-4.2.xsd=org/springframework/transaction/config/spring-tx-4.2.xsd, http://www.springframework.org/schema/cache/spring-cache-4.1.xsd=org/springframework/cache/config/spring-cache-4.1.xsd, http://www.springframework.org/schema/aop/spring-aop-4.0.xsd=org/springframework/aop/config/spring-aop-4.0.xsd, http://www.springframework.org/schema/jee/spring-jee-3.2.xsd=org/springframework/ejb/config/spring-jee-3.2.xsd, http://www.springframework.org/schema/context/spring-context-3.0.xsd=org/springframework/context/config/spring-context-3.0.xsd, http://www.springframework.org/schema/jdbc/spring-jdbc-4.0.xsd=org/springframework/jdbc/config/spring-jdbc-4.0.xsd, http://www.springframework.org/schema/mvc/spring-mvc-4.0.xsd=org/springframework/web/servlet/config/spring-mvc-4.0.xsd, http://www.springframework.org/schema/util/spring-util-4.3.xsd=org/springframework/beans/factory/xml/spring-util-4.3.xsd, http://www.springframework.org/schema/util/spring-util-2.5.xsd=org/springframework/beans/factory/xml/spring-util-2.5.xsd, http://www.springframework.org/schema/beans/spring-beans-3.2.xsd=org/springframework/beans/factory/xml/spring-beans-3.2.xsd, http://www.springframework.org/schema/aop/spring-aop-3.1.xsd=org/springframework/aop/config/spring-aop-3.1.xsd, http://www.springframework.org/schema/ldap/spring-ldap-2.0.xsd=org/springframework/ldap/config/spring-ldap-2.0.xsd, http://www.springframework.org/schema/lang/spring-lang-4.0.xsd=org/springframework/scripting/config/spring-lang-4.0.xsd, http://www.springframework.org/schema/data/repository/spring-repository-1.8.xsd=org/springframework/data/repository/config/spring-repository-1.8.xsd, http://www.springframework.org/schema/mvc/spring-mvc.xsd=org/springframework/web/servlet/config/spring-mvc-4.3.xsd, http://www.springframework.org/schema/mvc/spring-mvc-3.1.xsd=org/springframework/web/servlet/config/spring-mvc-3.1.xsd, http://www.springframework.org/schema/beans/spring-beans-4.1.xsd=org/springframework/beans/factory/xml/spring-beans-4.1.xsd, http://www.springframework.org/schema/redis/spring-redis-1.0.xsd=org/springframework/data/redis/config/spring-redis-1.0.xsd, http://www.springframework.org/schema/tool/spring-tool-4.0.xsd=org/springframework/beans/factory/xml/spring-tool-4.0.xsd, http://www.springframework.org/schema/tx/spring-tx-3.2.xsd=org/springframework/transaction/config/spring-tx-3.2.xsd, http://www.springframework.org/schema/lang/spring-lang-3.1.xsd=org/springframework/scripting/config/spring-lang-3.1.xsd, http://www.springframework.org/schema/cache/spring-cache-3.1.xsd=org/springframework/cache/config/spring-cache-3.1.xsd, http://www.springframework.org/schema/jee/spring-jee-4.0.xsd=org/springframework/ejb/config/spring-jee-4.0.xsd, http://www.springframework.org/schema/jdbc/spring-jdbc-3.0.xsd=org/springframework/jdbc/config/spring-jdbc-3.0.xsd, http://www.springframework.org/schema/task/spring-task-4.1.xsd=org/springframework/scheduling/config/spring-task-4.1.xsd, http://www.springframework.org/schema/jdbc/spring-jdbc.xsd=org/springframework/jdbc/config/spring-jdbc-4.3.xsd, http://www.springframework.org/schema/tool/spring-tool-3.1.xsd=org/springframework/beans/factory/xml/spring-tool-3.1.xsd, http://www.springframework.org/schema/tx/spring-tx-4.1.xsd=org/springframework/transaction/config/spring-tx-4.1.xsd, http://www.springframework.org/schema/cache/spring-cache-4.0.xsd=org/springframework/cache/config/spring-cache-4.0.xsd, http://code.alibabatech.com/schema/dubbo/dubbo.xsd=META-INF/dubbo.xsd, http://www.springframework.org/schema/jee/spring-jee-3.1.xsd=org/springframework/ejb/config/spring-jee-3.1.xsd, http://www.springframework.org/schema/util/spring-util-4.2.xsd=org/springframework/beans/factory/xml/spring-util-4.2.xsd, http://www.springframework.org/schema/task/spring-task-3.2.xsd=org/springframework/scheduling/config/spring-task-3.2.xsd, http://www.springframework.org/schema/beans/spring-beans-3.1.xsd=org/springframework/beans/factory/xml/spring-beans-3.1.xsd, http://www.springframework.org/schema/util/spring-util.xsd=org/springframework/beans/factory/xml/spring-util-4.3.xsd, http://www.springframework.org/schema/aop/spring-aop-3.0.xsd=org/springframework/aop/config/spring-aop-3.0.xsd, http://www.springframework.org/schema/data/repository/spring-repository.xsd=org/springframework/data/repository/config/spring-repository-1.11.xsd, http://www.springframework.org/schema/data/repository/spring-repository-1.7.xsd=org/springframework/data/repository/config/spring-repository-1.7.xsd, http://www.springframework.org/schema/mvc/spring-mvc-3.0.xsd=org/springframework/web/servlet/config/spring-mvc-3.0.xsd, http://www.springframework.org/schema/ldap/spring-ldap.xsd=org/springframework/ldap/config/spring-ldap-2.0.xsd, http://www.springframework.org/schema/beans/spring-beans-4.0.xsd=org/springframework/beans/factory/xml/spring-beans-4.0.xsd, http://www.springframework.org/schema/oxm/spring-oxm-4.2.xsd=org/springframework/oxm/config/spring-oxm-4.2.xsd, http://www.springframework.org/schema/beans/spring-beans.xsd=org/springframework/beans/factory/xml/spring-beans-4.3.xsd, http://mybatis.org/schema/mybatis-spring.xsd=org/mybatis/spring/config/mybatis-spring-1.2.xsd, http://www.springframework.org/schema/tx/spring-tx-3.1.xsd=org/springframework/transaction/config/spring-tx-3.1.xsd, http://www.springframework.org/schema/lang/spring-lang-3.0.xsd=org/springframework/scripting/config/spring-lang-3.0.xsd, http://www.springframework.org/schema/context/spring-context-2.5.xsd=org/springframework/context/config/spring-context-2.5.xsd, http://www.springframework.org/schema/context/spring-context-4.3.xsd=org/springframework/context/config/spring-context-4.3.xsd, http://www.springframework.org/schema/task/spring-task-4.0.xsd=org/springframework/scheduling/config/spring-task-4.0.xsd, http://www.springframework.org/schema/tool/spring-tool-3.0.xsd=org/springframework/beans/factory/xml/spring-tool-3.0.xsd, http://www.springframework.org/schema/tx/spring-tx-4.0.xsd=org/springframework/transaction/config/spring-tx-4.0.xsd, http://www.springframework.org/schema/aop/spring-aop-2.0.xsd=org/springframework/aop/config/spring-aop-2.0.xsd, http://www.springframework.org/schema/jee/spring-jee-3.0.xsd=org/springframework/ejb/config/spring-jee-3.0.xsd, http://www.springframework.org/schema/util/spring-util-4.1.xsd=org/springframework/beans/factory/xml/spring-util-4.1.xsd, http://www.springframework.org/schema/task/spring-task-3.1.xsd=org/springframework/scheduling/config/spring-task-3.1.xsd, http://www.springframework.org/schema/beans/spring-beans-3.0.xsd=org/springframework/beans/factory/xml/spring-beans-3.0.xsd, http://www.springframework.org/schema/jee/spring-jee.xsd=org/springframework/ejb/config/spring-jee-4.3.xsd, http://www.springframework.org/schema/aop/spring-aop-4.3.xsd=org/springframework/aop/config/spring-aop-4.3.xsd, http://www.springframework.org/schema/aop/spring-aop-2.5.xsd=org/springframework/aop/config/spring-aop-2.5.xsd, http://www.springframework.org/schema/lang/spring-lang-2.0.xsd=org/springframework/scripting/config/spring-lang-2.0.xsd, http://www.springframework.org/schema/data/repository/spring-repository-1.6.xsd=org/springframework/data/repository/config/spring-repository-1.6.xsd, http://www.springframework.org/schema/jdbc/spring-jdbc-4.3.xsd=org/springframework/jdbc/config/spring-jdbc-4.3.xsd, http://www.springframework.org/schema/oxm/spring-oxm.xsd=org/springframework/oxm/config/spring-oxm-4.2.xsd, http://www.springframework.org/schema/mvc/spring-mvc-4.3.xsd=org/springframework/web/servlet/config/spring-mvc-4.3.xsd, http://www.springframework.org/schema/util/spring-util-3.2.xsd=org/springframework/beans/factory/xml/spring-util-3.2.xsd, http://www.springframework.org/schema/oxm/spring-oxm-4.1.xsd=org/springframework/oxm/config/spring-oxm-4.1.xsd, http://www.springframework.org/schema/task/spring-task.xsd=org/springframework/scheduling/config/spring-task-4.3.xsd, http://www.springframework.org/schema/tool/spring-tool-2.0.xsd=org/springframework/beans/factory/xml/spring-tool-2.0.xsd, http://www.springframework.org/schema/tx/spring-tx-3.0.xsd=org/springframework/transaction/config/spring-tx-3.0.xsd, http://www.springframework.org/schema/lang/spring-lang-2.5.xsd=org/springframework/scripting/config/spring-lang-2.5.xsd, http://www.springframework.org/schema/lang/spring-lang-4.3.xsd=org/springframework/scripting/config/spring-lang-4.3.xsd, http://www.springframework.org/schema/context/spring-context-4.2.xsd=org/springframework/context/config/spring-context-4.2.xsd, http://www.springframework.org/schema/jee/spring-jee-2.0.xsd=org/springframework/ejb/config/spring-jee-2.0.xsd, http://www.springframework.org/schema/oxm/spring-oxm-3.2.xsd=org/springframework/oxm/config/spring-oxm-3.2.xsd, http://www.springframework.org/schema/tool/spring-tool-4.3.xsd=org/springframework/beans/factory/xml/spring-tool-4.3.xsd, http://www.springframework.org/schema/tool/spring-tool-2.5.xsd=org/springframework/beans/factory/xml/spring-tool-2.5.xsd, http://www.springframework.org/schema/jee/spring-jee-4.3.xsd=org/springframework/ejb/config/spring-jee-4.3.xsd, http://www.springframework.org/schema/jee/spring-jee-2.5.xsd=org/springframework/ejb/config/spring-jee-2.5.xsd, http://www.springframework.org/schema/data/repository/spring-repository-1.0.xsd=org/springframework/data/repository/config/spring-repository-1.0.xsd, http://www.springframework.org/schema/util/spring-util-4.0.xsd=org/springframework/beans/factory/xml/spring-util-4.0.xsd, http://www.springframework.org/schema/task/spring-task-3.0.xsd=org/springframework/scheduling/config/spring-task-3.0.xsd, http://www.springframework.org/schema/cache/spring-cache-4.3.xsd=org/springframework/cache/config/spring-cache-4.3.xsd, http://www.springframework.org/schema/aop/spring-aop-4.2.xsd=org/springframework/aop/config/spring-aop-4.2.xsd, http://www.springframework.org/schema/lang/spring-lang.xsd=org/springframework/scripting/config/spring-lang-4.3.xsd, http://www.springframework.org/schema/context/spring-context-3.2.xsd=org/springframework/context/config/spring-context-3.2.xsd, http://www.springframework.org/schema/data/repository/spring-repository-1.5.xsd=org/springframework/data/repository/config/spring-repository-1.5.xsd, http://www.springframework.org/schema/jdbc/spring-jdbc-4.2.xsd=org/springframework/jdbc/config/spring-jdbc-4.2.xsd, http://www.springframework.org/schema/mvc/spring-mvc-4.2.xsd=org/springframework/web/servlet/config/spring-mvc-4.2.xsd, http://www.springframework.org/schema/util/spring-util-3.1.xsd=org/springframework/beans/factory/xml/spring-util-3.1.xsd, http://www.springframework.org/schema/beans/spring-beans-2.0.xsd=org/springframework/beans/factory/xml/spring-beans-2.0.xsd, http://www.springframework.org/schema/oxm/spring-oxm-4.0.xsd=org/springframework/oxm/config/spring-oxm-4.0.xsd, http://www.springframework.org/schema/cache/spring-cache.xsd=org/springframework/cache/config/spring-cache-4.3.xsd, http://www.springframework.org/schema/tx/spring-tx.xsd=org/springframework/transaction/config/spring-tx-4.3.xsd, http://www.springframework.org/schema/lang/spring-lang-4.2.xsd=org/springframework/scripting/config/spring-lang-4.2.xsd, http://www.springframework.org/schema/context/spring-context-4.1.xsd=org/springframework/context/config/spring-context-4.1.xsd, http://www.springframework.org/schema/beans/spring-beans-2.5.xsd=org/springframework/beans/factory/xml/spring-beans-2.5.xsd, http://www.springframework.org/schema/beans/spring-beans-4.3.xsd=org/springframework/beans/factory/xml/spring-beans-4.3.xsd, http://www.springframework.org/schema/oxm/spring-oxm-3.1.xsd=org/springframework/oxm/config/spring-oxm-3.1.xsd, http://www.springframework.org/schema/tool/spring-tool-4.2.xsd=org/springframework/beans/factory/xml/spring-tool-4.2.xsd, http://www.springframework.org/schema/tx/spring-tx-2.0.xsd=org/springframework/transaction/config/spring-tx-2.0.xsd, http://www.alibaba.com/schema/stat.xsd=META-INF/stat.xsd, http://www.springframework.org/schema/data/repository/spring-repository-1.11.xsd=org/springframework/data/repository/config/spring-repository-1.11.xsd, http://www.springframework.org/schema/jee/spring-jee-4.2.xsd=org/springframework/ejb/config/spring-jee-4.2.xsd, http://www.springframework.org/schema/jdbc/spring-jdbc-3.2.xsd=org/springframework/jdbc/config/spring-jdbc-3.2.xsd, http://www.springframework.org/schema/aop/spring-aop.xsd=org/springframework/aop/config/spring-aop-4.3.xsd, http://www.springframework.org/schema/task/spring-task-4.3.xsd=org/springframework/scheduling/config/spring-task-4.3.xsd}
14:56:17.221 [Test worker] DEBUG org.springframework.beans.factory.xml.PluggableSchemaResolver - Found XML schema [http://www.springframework.org/schema/beans/spring-beans.xsd] in classpath: org/springframework/beans/factory/xml/spring-beans-4.3.xsd
14:56:17.224 [Test worker] DEBUG org.springframework.beans.factory.xml.PluggableSchemaResolver - Found XML schema [http://www.springframework.org/schema/util/spring-util.xsd] in classpath: org/springframework/beans/factory/xml/spring-util-4.3.xsd
14:56:17.225 [Test worker] DEBUG org.springframework.beans.factory.xml.PluggableSchemaResolver - Found XML schema [http://www.springframework.org/schema/tool/spring-tool-4.3.xsd] in classpath: org/springframework/beans/factory/xml/spring-tool-4.3.xsd
14:56:17.226 [Test worker] DEBUG org.springframework.beans.factory.xml.DefaultBeanDefinitionDocumentReader - Loading bean definitions
14:56:17.226 [Test worker] DEBUG org.springframework.core.io.support.PathMatchingResourcePatternResolver - Resolved classpath location [spring/] to resources [URL [jar:file:/Users/liangjian/Documents/workspace/IDCCC/cmdb/cmdb-service/build/libs/cmdb-service-1.0.0-SNAPSHOT.jar!/spring/], URL [jar:file:/Users/liangjian/Documents/workspace/IDCCC/cmdb/cmdb-util/build/libs/cmdb-util-1.0.0-SNAPSHOT.jar!/spring/]]
14:56:17.227 [Test worker] DEBUG org.springframework.core.io.support.PathMatchingResourcePatternResolver - Looking for matching resources in jar file [file:/Users/liangjian/Documents/workspace/IDCCC/cmdb/cmdb-service/build/libs/cmdb-service-1.0.0-SNAPSHOT.jar]
14:56:17.227 [Test worker] DEBUG org.springframework.core.io.support.PathMatchingResourcePatternResolver - Looking for matching resources in jar file [file:/Users/liangjian/Documents/workspace/IDCCC/cmdb/cmdb-util/build/libs/cmdb-util-1.0.0-SNAPSHOT.jar]
14:56:17.227 [Test worker] DEBUG org.springframework.core.io.support.PathMatchingResourcePatternResolver - Resolved location pattern [classpath*:spring/*.xml] to resources [URL [jar:file:/Users/liangjian/Documents/workspace/IDCCC/cmdb/cmdb-service/build/libs/cmdb-service-1.0.0-SNAPSHOT.jar!/spring/context.xml], URL [jar:file:/Users/liangjian/Documents/workspace/IDCCC/cmdb/cmdb-service/build/libs/cmdb-service-1.0.0-SNAPSHOT.jar!/spring/db.xml], URL [jar:file:/Users/liangjian/Documents/workspace/IDCCC/cmdb/cmdb-service/build/libs/cmdb-service-1.0.0-SNAPSHOT.jar!/spring/dubbo-info.xml], URL [jar:file:/Users/liangjian/Documents/workspace/IDCCC/cmdb/cmdb-service/build/libs/cmdb-service-1.0.0-SNAPSHOT.jar!/spring/redis.xml], URL [jar:file:/Users/liangjian/Documents/workspace/IDCCC/cmdb/cmdb-util/build/libs/cmdb-util-1.0.0-SNAPSHOT.jar!/spring/context.xml]]
14:56:17.227 [Test worker] INFO org.springframework.beans.factory.xml.XmlBeanDefinitionReader - Loading XML bean definitions from URL [jar:file:/Users/liangjian/Documents/workspace/IDCCC/cmdb/cmdb-service/build/libs/cmdb-service-1.0.0-SNAPSHOT.jar!/spring/context.xml]
14:56:17.228 [Test worker] DEBUG org.springframework.beans.factory.xml.DefaultDocumentLoader - Using JAXP provider [org.apache.xerces.jaxp.DocumentBuilderFactoryImpl]
14:56:17.229 [Test worker] DEBUG org.springframework.beans.factory.xml.PluggableSchemaResolver - Found XML schema [http://www.springframework.org/schema/beans/spring-beans.xsd] in classpath: org/springframework/beans/factory/xml/spring-beans-4.3.xsd
14:56:17.232 [Test worker] DEBUG org.springframework.beans.factory.xml.PluggableSchemaResolver - Found XML schema [http://www.springframework.org/schema/context/spring-context.xsd] in classpath: org/springframework/context/config/spring-context-4.3.xsd
14:56:17.233 [Test worker] DEBUG org.springframework.beans.factory.xml.PluggableSchemaResolver - Found XML schema [http://www.springframework.org/schema/tool/spring-tool-4.3.xsd] in classpath: org/springframework/beans/factory/xml/spring-tool-4.3.xsd
14:56:17.234 [Test worker] DEBUG org.springframework.beans.factory.xml.DefaultBeanDefinitionDocumentReader - Loading bean definitions
14:56:17.235 [Test worker] DEBUG org.springframework.beans.factory.xml.DefaultNamespaceHandlerResolver - Loaded NamespaceHandler mappings: {http://www.springframework.org/schema/task=org.springframework.scheduling.config.TaskNamespaceHandler, http://www.springframework.org/schema/p=org.springframework.beans.factory.xml.SimplePropertyNamespaceHandler, http://code.alibabatech.com/schema/dubbo=com.alibaba.dubbo.config.spring.schema.DubboNamespaceHandler, http://www.springframework.org/schema/lang=org.springframework.scripting.config.LangNamespaceHandler, http://www.springframework.org/schema/ldap=org.springframework.ldap.config.LdapNamespaceHandler, http://www.springframework.org/schema/util=org.springframework.beans.factory.xml.UtilNamespaceHandler, http://www.springframework.org/schema/redis=org.springframework.data.redis.config.RedisNamespaceHandler, http://www.springframework.org/schema/c=org.springframework.beans.factory.xml.SimpleConstructorNamespaceHandler, http://www.springframework.org/schema/data/keyvalue=org.springframework.data.keyvalue.repository.config.KeyValueRepositoryNameSpaceHandler, http://www.springframework.org/schema/jee=org.springframework.ejb.config.JeeNamespaceHandler, http://www.springframework.org/schema/oxm=org.springframework.oxm.config.OxmNamespaceHandler, http://www.springframework.org/schema/tx=org.springframework.transaction.config.TxNamespaceHandler, http://www.springframework.org/schema/data/repository=org.springframework.data.repository.config.RepositoryNameSpaceHandler, http://www.springframework.org/schema/jdbc=org.springframework.jdbc.config.JdbcNamespaceHandler, http://www.springframework.org/schema/aop=org.springframework.aop.config.AopNamespaceHandler, http://www.alibaba.com/schema/stat=com.alibaba.druid.support.spring.stat.config.DruidStatNamespaceHandler, http://www.springframework.org/schema/context=org.springframework.context.config.ContextNamespaceHandler, http://www.springframework.org/schema/cache=org.springframework.cache.config.CacheNamespaceHandler, http://mybatis.org/schema/mybatis-spring=org.mybatis.spring.config.NamespaceHandler, http://www.springframework.org/schema/mvc=org.springframework.web.servlet.config.MvcNamespaceHandler}
14:56:17.236 [Test worker] DEBUG org.springframework.core.io.support.PathMatchingResourcePatternResolver - Resolved classpath location [com/sdg/cmdb/handler/] to resources [URL [jar:file:/Users/liangjian/Documents/workspace/IDCCC/cmdb/cmdb-service/build/libs/cmdb-service-1.0.0-SNAPSHOT.jar!/com/sdg/cmdb/handler/]]
14:56:17.237 [Test worker] DEBUG org.springframework.core.io.support.PathMatchingResourcePatternResolver - Looking for matching resources in jar file [file:/Users/liangjian/Documents/workspace/IDCCC/cmdb/cmdb-service/build/libs/cmdb-service-1.0.0-SNAPSHOT.jar]
14:56:17.237 [Test worker] DEBUG org.springframework.core.io.support.PathMatchingResourcePatternResolver - Resolved location pattern [classpath*:com/sdg/cmdb/handler/**/*.class] to resources [URL [jar:file:/Users/liangjian/Documents/workspace/IDCCC/cmdb/cmdb-service/build/libs/cmdb-service-1.0.0-SNAPSHOT.jar!/com/sdg/cmdb/handler/DingTalkHandler.class], URL [jar:file:/Users/liangjian/Documents/workspace/IDCCC/cmdb/cmdb-service/build/libs/cmdb-service-1.0.0-SNAPSHOT.jar!/com/sdg/cmdb/handler/LdapHandler.class]]
14:56:17.237 [Test worker] DEBUG org.springframework.context.annotation.ClassPathBeanDefinitionScanner - Identified candidate component class: URL [jar:file:/Users/liangjian/Documents/workspace/IDCCC/cmdb/cmdb-service/build/libs/cmdb-service-1.0.0-SNAPSHOT.jar!/com/sdg/cmdb/handler/DingTalkHandler.class]
14:56:17.237 [Test worker] DEBUG org.springframework.context.annotation.ClassPathBeanDefinitionScanner - Identified candidate component class: URL [jar:file:/Users/liangjian/Documents/workspace/IDCCC/cmdb/cmdb-service/build/libs/cmdb-service-1.0.0-SNAPSHOT.jar!/com/sdg/cmdb/handler/LdapHandler.class]
14:56:17.239 [Test worker] DEBUG org.springframework.core.io.support.PathMatchingResourcePatternResolver - Resolved classpath location [com/sdg/cmdb/service/] to resources [URL [jar:file:/Users/liangjian/Documents/workspace/IDCCC/cmdb/cmdb-service/build/libs/cmdb-service-1.0.0-SNAPSHOT.jar!/com/sdg/cmdb/service/]]
14:56:17.239 [Test worker] DEBUG org.springframework.core.io.support.PathMatchingResourcePatternResolver - Looking for matching resources in jar file [file:/Users/liangjian/Documents/workspace/IDCCC/cmdb/cmdb-service/build/libs/cmdb-service-1.0.0-SNAPSHOT.jar]
14:56:17.241 [Test worker] DEBUG org.springframework.core.io.support.PathMatchingResourcePatternResolver - Resolved location pattern [classpath*:com/sdg/cmdb/service/**/*.class] to resources [URL [jar:file:/Users/liangjian/Documents/workspace/IDCCC/cmdb/cmdb-service/build/libs/cmdb-service-1.0.0-SNAPSHOT.jar!/com/sdg/cmdb/service/AliyunLogManageService.class], URL [jar:file:/Users/liangjian/Documents/workspace/IDCCC/cmdb/cmdb-service/build/libs/cmdb-service-1.0.0-SNAPSHOT.jar!/com/sdg/cmdb/service/AliyunLogService.class], URL [jar:file:/Users/liangjian/Documents/workspace/IDCCC/cmdb/cmdb-service/build/libs/cmdb-service-1.0.0-SNAPSHOT.jar!/com/sdg/cmdb/service/AliyunService.class], URL [jar:file:/Users/liangjian/Documents/workspace/IDCCC/cmdb/cmdb-service/build/libs/cmdb-service-1.0.0-SNAPSHOT.jar!/com/sdg/cmdb/service/AnsibleTaskService.class], URL [jar:file:/Users/liangjian/Documents/workspace/IDCCC/cmdb/cmdb-service/build/libs/cmdb-service-1.0.0-SNAPSHOT.jar!/com/sdg/cmdb/service/AuthService.class], URL [jar:file:/Users/liangjian/Documents/workspace/IDCCC/cmdb/cmdb-service/build/libs/cmdb-service-1.0.0-SNAPSHOT.jar!/com/sdg/cmdb/service/CacheEsxiHostService.class], URL [jar:file:/Users/liangjian/Documents/workspace/IDCCC/cmdb/cmdb-service/build/libs/cmdb-service-1.0.0-SNAPSHOT.jar!/com/sdg/cmdb/service/CiService.class], URL [jar:file:/Users/liangjian/Documents/workspace/IDCCC/cmdb/cmdb-service/build/libs/cmdb-service-1.0.0-SNAPSHOT.jar!/com/sdg/cmdb/service/CiUserGroupService.class], URL [jar:file:/Users/liangjian/Documents/workspace/IDCCC/cmdb/cmdb-service/build/libs/cmdb-service-1.0.0-SNAPSHOT.jar!/com/sdg/cmdb/service/ConfigCenterService.class], URL [jar:file:/Users/liangjian/Documents/workspace/IDCCC/cmdb/cmdb-service/build/libs/cmdb-service-1.0.0-SNAPSHOT.jar!/com/sdg/cmdb/service/ConfigServerGroupService.class], URL [jar:file:/Users/liangjian/Documents/workspace/IDCCC/cmdb/cmdb-service/build/libs/cmdb-service-1.0.0-SNAPSHOT.jar!/com/sdg/cmdb/service/ConfigService.class], URL [jar:file:/Users/liangjian/Documents/workspace/IDCCC/cmdb/cmdb-service/build/libs/cmdb-service-1.0.0-SNAPSHOT.jar!/com/sdg/cmdb/service/control/configurationfile/AnsibleHostService.class], URL [jar:file:/Users/liangjian/Documents/workspace/IDCCC/cmdb/cmdb-service/build/libs/cmdb-service-1.0.0-SNAPSHOT.jar!/com/sdg/cmdb/service/control/configurationfile/AnsibleService.class], URL [jar:file:/Users/liangjian/Documents/workspace/IDCCC/cmdb/cmdb-service/build/libs/cmdb-service-1.0.0-SNAPSHOT.jar!/com/sdg/cmdb/service/control/configurationfile/ConfigurationFileControlAbs.class], URL [jar:file:/Users/liangjian/Documents/workspace/IDCCC/cmdb/cmdb-service/build/libs/cmdb-service-1.0.0-SNAPSHOT.jar!/com/sdg/cmdb/service/control/configurationfile/ConfigurationFileControlService.class], URL [jar:file:/Users/liangjian/Documents/workspace/IDCCC/cmdb/cmdb-service/build/libs/cmdb-service-1.0.0-SNAPSHOT.jar!/com/sdg/cmdb/service/control/configurationfile/DnsmasqService.class], URL [jar:file:/Users/liangjian/Documents/workspace/IDCCC/cmdb/cmdb-service/build/libs/cmdb-service-1.0.0-SNAPSHOT.jar!/com/sdg/cmdb/service/control/configurationfile/GetwayService.class], URL [jar:file:/Users/liangjian/Documents/workspace/IDCCC/cmdb/cmdb-service/build/libs/cmdb-service-1.0.0-SNAPSHOT.jar!/com/sdg/cmdb/service/control/configurationfile/impl/AnsibleHostServiceImpl.class], URL [jar:file:/Users/liangjian/Documents/workspace/IDCCC/cmdb/cmdb-service/build/libs/cmdb-service-1.0.0-SNAPSHOT.jar!/com/sdg/cmdb/service/control/configurationfile/impl/DnsmasqServiceImpl.class], URL [jar:file:/Users/liangjian/Documents/workspace/IDCCC/cmdb/cmdb-service/build/libs/cmdb-service-1.0.0-SNAPSHOT.jar!/com/sdg/cmdb/service/control/configurationfile/impl/SystemInitServiceImpl.class], URL [jar:file:/Users/liangjian/Documents/workspace/IDCCC/cmdb/cmdb-service/build/libs/cmdb-service-1.0.0-SNAPSHOT.jar!/com/sdg/cmdb/service/control/configurationfile/InterfaceCIService.class], URL [jar:file:/Users/liangjian/Documents/workspace/IDCCC/cmdb/cmdb-service/build/libs/cmdb-service-1.0.0-SNAPSHOT.jar!/com/sdg/cmdb/service/control/configurationfile/IptablsZookeeperService.class], URL [jar:file:/Users/liangjian/Documents/workspace/IDCCC/cmdb/cmdb-service/build/libs/cmdb-service-1.0.0-SNAPSHOT.jar!/com/sdg/cmdb/service/control/configurationfile/NginxLocationKaService.class], URL [jar:file:/Users/liangjian/Documents/workspace/IDCCC/cmdb/cmdb-service/build/libs/cmdb-service-1.0.0-SNAPSHOT.jar!/com/sdg/cmdb/service/control/configurationfile/NginxLocationManageService.class], URL [jar:file:/Users/liangjian/Documents/workspace/IDCCC/cmdb/cmdb-service/build/libs/cmdb-service-1.0.0-SNAPSHOT.jar!/com/sdg/cmdb/service/control/configurationfile/NginxLocationService.class], URL [jar:file:/Users/liangjian/Documents/workspace/IDCCC/cmdb/cmdb-service/build/libs/cmdb-service-1.0.0-SNAPSHOT.jar!/com/sdg/cmdb/service/control/configurationfile/NginxLocationSupplierService.class], URL [jar:file:/Users/liangjian/Documents/workspace/IDCCC/cmdb/cmdb-service/build/libs/cmdb-service-1.0.0-SNAPSHOT.jar!/com/sdg/cmdb/service/control/configurationfile/NginxUpstreamService.class], URL [jar:file:/Users/liangjian/Documents/workspace/IDCCC/cmdb/cmdb-service/build/libs/cmdb-service-1.0.0-SNAPSHOT.jar!/com/sdg/cmdb/service/control/configurationfile/ShadowsocksService.class], URL [jar:file:/Users/liangjian/Documents/workspace/IDCCC/cmdb/cmdb-service/build/libs/cmdb-service-1.0.0-SNAPSHOT.jar!/com/sdg/cmdb/service/control/configurationfile/SystemInitService.class], URL [jar:file:/Users/liangjian/Documents/workspace/IDCCC/cmdb/cmdb-service/build/libs/cmdb-service-1.0.0-SNAPSHOT.jar!/com/sdg/cmdb/service/control/configurationfile/TomcatInstallConfigService.class], URL [jar:file:/Users/liangjian/Documents/workspace/IDCCC/cmdb/cmdb-service/build/libs/cmdb-service-1.0.0-SNAPSHOT.jar!/com/sdg/cmdb/service/DingtalkService.class], URL [jar:file:/Users/liangjian/Documents/workspace/IDCCC/cmdb/cmdb-service/build/libs/cmdb-service-1.0.0-SNAPSHOT.jar!/com/sdg/cmdb/service/DnsService.class], URL [jar:file:/Users/liangjian/Documents/workspace/IDCCC/cmdb/cmdb-service/build/libs/cmdb-service-1.0.0-SNAPSHOT.jar!/com/sdg/cmdb/service/EcsCreateService.class], URL [jar:file:/Users/liangjian/Documents/workspace/IDCCC/cmdb/cmdb-service/build/libs/cmdb-service-1.0.0-SNAPSHOT.jar!/com/sdg/cmdb/service/EcsService.class], URL [jar:file:/Users/liangjian/Documents/workspace/IDCCC/cmdb/cmdb-service/build/libs/cmdb-service-1.0.0-SNAPSHOT.jar!/com/sdg/cmdb/service/EmailService.class], URL [jar:file:/Users/liangjian/Documents/workspace/IDCCC/cmdb/cmdb-service/build/libs/cmdb-service-1.0.0-SNAPSHOT.jar!/com/sdg/cmdb/service/ExplainService.class], URL [jar:file:/Users/liangjian/Documents/workspace/IDCCC/cmdb/cmdb-service/build/libs/cmdb-service-1.0.0-SNAPSHOT.jar!/com/sdg/cmdb/service/impl/AliyunLogManageServiceImpl.class], URL [jar:file:/Users/liangjian/Documents/workspace/IDCCC/cmdb/cmdb-service/build/libs/cmdb-service-1.0.0-SNAPSHOT.jar!/com/sdg/cmdb/service/impl/AliyunLogServiceImpl.class], URL [jar:file:/Users/liangjian/Documents/workspace/IDCCC/cmdb/cmdb-service/build/libs/cmdb-service-1.0.0-SNAPSHOT.jar!/com/sdg/cmdb/service/impl/AliyunServiceImpl.class], URL [jar:file:/Users/liangjian/Documents/workspace/IDCCC/cmdb/cmdb-service/build/libs/cmdb-service-1.0.0-SNAPSHOT.jar!/com/sdg/cmdb/service/impl/AnsibleTaskServiceImpl$1.class], URL [jar:file:/Users/liangjian/Documents/workspace/IDCCC/cmdb/cmdb-service/build/libs/cmdb-service-1.0.0-SNAPSHOT.jar!/com/sdg/cmdb/service/impl/AnsibleTaskServiceImpl$InitSystemTypeEnum.class], URL [jar:file:/Users/liangjian/Documents/workspace/IDCCC/cmdb/cmdb-service/build/libs/cmdb-service-1.0.0-SNAPSHOT.jar!/com/sdg/cmdb/service/impl/AnsibleTaskServiceImpl.class], URL [jar:file:/Users/liangjian/Documents/workspace/IDCCC/cmdb/cmdb-service/build/libs/cmdb-service-1.0.0-SNAPSHOT.jar!/com/sdg/cmdb/service/impl/AuthServiceImpl$1.class], URL [jar:file:/Users/liangjian/Documents/workspace/IDCCC/cmdb/cmdb-service/build/libs/cmdb-service-1.0.0-SNAPSHOT.jar!/com/sdg/cmdb/service/impl/AuthServiceImpl$2.class], URL [jar:file:/Users/liangjian/Documents/workspace/IDCCC/cmdb/cmdb-service/build/libs/cmdb-service-1.0.0-SNAPSHOT.jar!/com/sdg/cmdb/service/impl/AuthServiceImpl$3.class], URL [jar:file:/Users/liangjian/Documents/workspace/IDCCC/cmdb/cmdb-service/build/libs/cmdb-service-1.0.0-SNAPSHOT.jar!/com/sdg/cmdb/service/impl/AuthServiceImpl$4.class], URL [jar:file:/Users/liangjian/Documents/workspace/IDCCC/cmdb/cmdb-service/build/libs/cmdb-service-1.0.0-SNAPSHOT.jar!/com/sdg/cmdb/service/impl/AuthServiceImpl.class], URL [jar:file:/Users/liangjian/Documents/workspace/IDCCC/cmdb/cmdb-service/build/libs/cmdb-service-1.0.0-SNAPSHOT.jar!/com/sdg/cmdb/service/impl/CiServiceImpl.class], URL [jar:file:/Users/liangjian/Documents/workspace/IDCCC/cmdb/cmdb-service/build/libs/cmdb-service-1.0.0-SNAPSHOT.jar!/com/sdg/cmdb/service/impl/CiUserGroupServiceImpl.class], URL [jar:file:/Users/liangjian/Documents/workspace/IDCCC/cmdb/cmdb-service/build/libs/cmdb-service-1.0.0-SNAPSHOT.jar!/com/sdg/cmdb/service/impl/CmdbServiceImpl.class], URL [jar:file:/Users/liangjian/Documents/workspace/IDCCC/cmdb/cmdb-service/build/libs/cmdb-service-1.0.0-SNAPSHOT.jar!/com/sdg/cmdb/service/impl/ConfigCenterServiceImpl.class], URL [jar:file:/Users/liangjian/Documents/workspace/IDCCC/cmdb/cmdb-service/build/libs/cmdb-service-1.0.0-SNAPSHOT.jar!/com/sdg/cmdb/service/impl/ConfigServerGroupServiceImpl.class], URL [jar:file:/Users/liangjian/Documents/workspace/IDCCC/cmdb/cmdb-service/build/libs/cmdb-service-1.0.0-SNAPSHOT.jar!/com/sdg/cmdb/service/impl/ConfigServiceImpl.class], URL [jar:file:/Users/liangjian/Documents/workspace/IDCCC/cmdb/cmdb-service/build/libs/cmdb-service-1.0.0-SNAPSHOT.jar!/com/sdg/cmdb/service/impl/DingtalkServiceImpl.class], URL [jar:file:/Users/liangjian/Documents/workspace/IDCCC/cmdb/cmdb-service/build/libs/cmdb-service-1.0.0-SNAPSHOT.jar!/com/sdg/cmdb/service/impl/DnsServiceImpl.class], URL [jar:file:/Users/liangjian/Documents/workspace/IDCCC/cmdb/cmdb-service/build/libs/cmdb-service-1.0.0-SNAPSHOT.jar!/com/sdg/cmdb/service/impl/EcsCreateServiceImpl.class], URL [jar:file:/Users/liangjian/Documents/workspace/IDCCC/cmdb/cmdb-service/build/libs/cmdb-service-1.0.0-SNAPSHOT.jar!/com/sdg/cmdb/service/impl/EcsServiceImpl.class], URL [jar:file:/Users/liangjian/Documents/workspace/IDCCC/cmdb/cmdb-service/build/libs/cmdb-service-1.0.0-SNAPSHOT.jar!/com/sdg/cmdb/service/impl/ExplainServiceImpl.class], URL [jar:file:/Users/liangjian/Documents/workspace/IDCCC/cmdb/cmdb-service/build/libs/cmdb-service-1.0.0-SNAPSHOT.jar!/com/sdg/cmdb/service/impl/IPGroupServiceImpl.class], URL [jar:file:/Users/liangjian/Documents/workspace/IDCCC/cmdb/cmdb-service/build/libs/cmdb-service-1.0.0-SNAPSHOT.jar!/com/sdg/cmdb/service/impl/IPServiceImpl.class], URL [jar:file:/Users/liangjian/Documents/workspace/IDCCC/cmdb/cmdb-service/build/libs/cmdb-service-1.0.0-SNAPSHOT.jar!/com/sdg/cmdb/service/impl/KeyBoxServiceImpl.class], URL [jar:file:/Users/liangjian/Documents/workspace/IDCCC/cmdb/cmdb-service/build/libs/cmdb-service-1.0.0-SNAPSHOT.jar!/com/sdg/cmdb/service/impl/PhysicalServerServiceImpl.class], URL [jar:file:/Users/liangjian/Documents/workspace/IDCCC/cmdb/cmdb-service/build/libs/cmdb-service-1.0.0-SNAPSHOT.jar!/com/sdg/cmdb/service/impl/ServerCostServiceImpl.class], URL [jar:file:/Users/liangjian/Documents/workspace/IDCCC/cmdb/cmdb-service/build/libs/cmdb-service-1.0.0-SNAPSHOT.jar!/com/sdg/cmdb/service/impl/ServerGroupServiceImpl.class], URL [jar:file:/Users/liangjian/Documents/workspace/IDCCC/cmdb/cmdb-service/build/libs/cmdb-service-1.0.0-SNAPSHOT.jar!/com/sdg/cmdb/service/impl/ServerServiceImpl.class], URL [jar:file:/Users/liangjian/Documents/workspace/IDCCC/cmdb/cmdb-service/build/libs/cmdb-service-1.0.0-SNAPSHOT.jar!/com/sdg/cmdb/service/impl/ServerTaskServiceImpl.class], URL [jar:file:/Users/liangjian/Documents/workspace/IDCCC/cmdb/cmdb-service/build/libs/cmdb-service-1.0.0-SNAPSHOT.jar!/com/sdg/cmdb/service/impl/SystemServiceImpl.class], URL [jar:file:/Users/liangjian/Documents/workspace/IDCCC/cmdb/cmdb-service/build/libs/cmdb-service-1.0.0-SNAPSHOT.jar!/com/sdg/cmdb/service/impl/TodoServiceImpl.class], URL [jar:file:/Users/liangjian/Documents/workspace/IDCCC/cmdb/cmdb-service/build/libs/cmdb-service-1.0.0-SNAPSHOT.jar!/com/sdg/cmdb/service/impl/UserServiceImpl.class], URL [jar:file:/Users/liangjian/Documents/workspace/IDCCC/cmdb/cmdb-service/build/libs/cmdb-service-1.0.0-SNAPSHOT.jar!/com/sdg/cmdb/service/impl/VmServiceImpl.class], URL [jar:file:/Users/liangjian/Documents/workspace/IDCCC/cmdb/cmdb-service/build/libs/cmdb-service-1.0.0-SNAPSHOT.jar!/com/sdg/cmdb/service/IPGroupService.class], URL [jar:file:/Users/liangjian/Documents/workspace/IDCCC/cmdb/cmdb-service/build/libs/cmdb-service-1.0.0-SNAPSHOT.jar!/com/sdg/cmdb/service/IPService.class], URL [jar:file:/Users/liangjian/Documents/workspace/IDCCC/cmdb/cmdb-service/build/libs/cmdb-service-1.0.0-SNAPSHOT.jar!/com/sdg/cmdb/service/KeyBoxService.class], URL [jar:file:/Users/liangjian/Documents/workspace/IDCCC/cmdb/cmdb-service/build/libs/cmdb-service-1.0.0-SNAPSHOT.jar!/com/sdg/cmdb/service/PhysicalServerService.class], URL [jar:file:/Users/liangjian/Documents/workspace/IDCCC/cmdb/cmdb-service/build/libs/cmdb-service-1.0.0-SNAPSHOT.jar!/com/sdg/cmdb/service/ProductLifecycleManagementService.class], URL [jar:file:/Users/liangjian/Documents/workspace/IDCCC/cmdb/cmdb-service/build/libs/cmdb-service-1.0.0-SNAPSHOT.jar!/com/sdg/cmdb/service/ServerCostService.class], URL [jar:file:/Users/liangjian/Documents/workspace/IDCCC/cmdb/cmdb-service/build/libs/cmdb-service-1.0.0-SNAPSHOT.jar!/com/sdg/cmdb/service/ServerGroupService.class], URL [jar:file:/Users/liangjian/Documents/workspace/IDCCC/cmdb/cmdb-service/build/libs/cmdb-service-1.0.0-SNAPSHOT.jar!/com/sdg/cmdb/service/ServerService.class], URL [jar:file:/Users/liangjian/Documents/workspace/IDCCC/cmdb/cmdb-service/build/libs/cmdb-service-1.0.0-SNAPSHOT.jar!/com/sdg/cmdb/service/ServerTaskService.class], URL [jar:file:/Users/liangjian/Documents/workspace/IDCCC/cmdb/cmdb-service/build/libs/cmdb-service-1.0.0-SNAPSHOT.jar!/com/sdg/cmdb/service/SystemService.class], URL [jar:file:/Users/liangjian/Documents/workspace/IDCCC/cmdb/cmdb-service/build/libs/cmdb-service-1.0.0-SNAPSHOT.jar!/com/sdg/cmdb/service/TodoService.class], URL [jar:file:/Users/liangjian/Documents/workspace/IDCCC/cmdb/cmdb-service/build/libs/cmdb-service-1.0.0-SNAPSHOT.jar!/com/sdg/cmdb/service/UserService.class], URL [jar:file:/Users/liangjian/Documents/workspace/IDCCC/cmdb/cmdb-service/build/libs/cmdb-service-1.0.0-SNAPSHOT.jar!/com/sdg/cmdb/service/VmService.class]]
14:56:17.242 [Test worker] DEBUG org.springframework.context.annotation.ClassPathBeanDefinitionScanner - Identified candidate component class: URL [jar:file:/Users/liangjian/Documents/workspace/IDCCC/cmdb/cmdb-service/build/libs/cmdb-service-1.0.0-SNAPSHOT.jar!/com/sdg/cmdb/service/CacheEsxiHostService.class]
14:56:17.243 [Test worker] DEBUG org.springframework.context.annotation.ClassPathBeanDefinitionScanner - Identified candidate component class: URL [jar:file:/Users/liangjian/Documents/workspace/IDCCC/cmdb/cmdb-service/build/libs/cmdb-service-1.0.0-SNAPSHOT.jar!/com/sdg/cmdb/service/control/configurationfile/AnsibleService.class]
14:56:17.244 [Test worker] DEBUG org.springframework.context.annotation.ClassPathBeanDefinitionScanner - Identified candidate component class: URL [jar:file:/Users/liangjian/Documents/workspace/IDCCC/cmdb/cmdb-service/build/libs/cmdb-service-1.0.0-SNAPSHOT.jar!/com/sdg/cmdb/service/control/configurationfile/ConfigurationFileControlService.class]
14:56:17.244 [Test worker] DEBUG org.springframework.context.annotation.ClassPathBeanDefinitionScanner - Identified candidate component class: URL [jar:file:/Users/liangjian/Documents/workspace/IDCCC/cmdb/cmdb-service/build/libs/cmdb-service-1.0.0-SNAPSHOT.jar!/com/sdg/cmdb/service/control/configurationfile/GetwayService.class]
14:56:17.245 [Test worker] DEBUG org.springframework.context.annotation.ClassPathBeanDefinitionScanner - Identified candidate component class: URL [jar:file:/Users/liangjian/Documents/workspace/IDCCC/cmdb/cmdb-service/build/libs/cmdb-service-1.0.0-SNAPSHOT.jar!/com/sdg/cmdb/service/control/configurationfile/impl/AnsibleHostServiceImpl.class]
14:56:17.245 [Test worker] DEBUG org.springframework.context.annotation.ClassPathBeanDefinitionScanner - Identified candidate component class: URL [jar:file:/Users/liangjian/Documents/workspace/IDCCC/cmdb/cmdb-service/build/libs/cmdb-service-1.0.0-SNAPSHOT.jar!/com/sdg/cmdb/service/control/configurationfile/impl/DnsmasqServiceImpl.class]
14:56:17.245 [Test worker] DEBUG org.springframework.context.annotation.ClassPathBeanDefinitionScanner - Identified candidate component class: URL [jar:file:/Users/liangjian/Documents/workspace/IDCCC/cmdb/cmdb-service/build/libs/cmdb-service-1.0.0-SNAPSHOT.jar!/com/sdg/cmdb/service/control/configurationfile/impl/SystemInitServiceImpl.class]
14:56:17.245 [Test worker] DEBUG org.springframework.context.annotation.ClassPathBeanDefinitionScanner - Identified candidate component class: URL [jar:file:/Users/liangjian/Documents/workspace/IDCCC/cmdb/cmdb-service/build/libs/cmdb-service-1.0.0-SNAPSHOT.jar!/com/sdg/cmdb/service/control/configurationfile/InterfaceCIService.class]
14:56:17.245 [Test worker] DEBUG org.springframework.context.annotation.ClassPathBeanDefinitionScanner - Identified candidate component class: URL [jar:file:/Users/liangjian/Documents/workspace/IDCCC/cmdb/cmdb-service/build/libs/cmdb-service-1.0.0-SNAPSHOT.jar!/com/sdg/cmdb/service/control/configurationfile/IptablsZookeeperService.class]
14:56:17.246 [Test worker] DEBUG org.springframework.context.annotation.ClassPathBeanDefinitionScanner - Identified candidate component class: URL [jar:file:/Users/liangjian/Documents/workspace/IDCCC/cmdb/cmdb-service/build/libs/cmdb-service-1.0.0-SNAPSHOT.jar!/com/sdg/cmdb/service/control/configurationfile/NginxLocationKaService.class]
14:56:17.246 [Test worker] DEBUG org.springframework.context.annotation.ClassPathBeanDefinitionScanner - Identified candidate component class: URL [jar:file:/Users/liangjian/Documents/workspace/IDCCC/cmdb/cmdb-service/build/libs/cmdb-service-1.0.0-SNAPSHOT.jar!/com/sdg/cmdb/service/control/configurationfile/NginxLocationManageService.class]
14:56:17.246 [Test worker] DEBUG org.springframework.context.annotation.ClassPathBeanDefinitionScanner - Identified candidate component class: URL [jar:file:/Users/liangjian/Documents/workspace/IDCCC/cmdb/cmdb-service/build/libs/cmdb-service-1.0.0-SNAPSHOT.jar!/com/sdg/cmdb/service/control/configurationfile/NginxLocationService.class]
14:56:17.246 [Test worker] DEBUG org.springframework.context.annotation.ClassPathBeanDefinitionScanner - Identified candidate component class: URL [jar:file:/Users/liangjian/Documents/workspace/IDCCC/cmdb/cmdb-service/build/libs/cmdb-service-1.0.0-SNAPSHOT.jar!/com/sdg/cmdb/service/control/configurationfile/NginxLocationSupplierService.class]
14:56:17.247 [Test worker] DEBUG org.springframework.context.annotation.ClassPathBeanDefinitionScanner - Identified candidate component class: URL [jar:file:/Users/liangjian/Documents/workspace/IDCCC/cmdb/cmdb-service/build/libs/cmdb-service-1.0.0-SNAPSHOT.jar!/com/sdg/cmdb/service/control/configurationfile/NginxUpstreamService.class]
14:56:17.247 [Test worker] DEBUG org.springframework.context.annotation.ClassPathBeanDefinitionScanner - Identified candidate component class: URL [jar:file:/Users/liangjian/Documents/workspace/IDCCC/cmdb/cmdb-service/build/libs/cmdb-service-1.0.0-SNAPSHOT.jar!/com/sdg/cmdb/service/control/configurationfile/ShadowsocksService.class]
14:56:17.247 [Test worker] DEBUG org.springframework.context.annotation.ClassPathBeanDefinitionScanner - Identified candidate component class: URL [jar:file:/Users/liangjian/Documents/workspace/IDCCC/cmdb/cmdb-service/build/libs/cmdb-service-1.0.0-SNAPSHOT.jar!/com/sdg/cmdb/service/control/configurationfile/TomcatInstallConfigService.class]
14:56:17.248 [Test worker] DEBUG org.springframework.context.annotation.ClassPathBeanDefinitionScanner - Identified candidate component class: URL [jar:file:/Users/liangjian/Documents/workspace/IDCCC/cmdb/cmdb-service/build/libs/cmdb-service-1.0.0-SNAPSHOT.jar!/com/sdg/cmdb/service/EmailService.class]
14:56:17.248 [Test worker] DEBUG org.springframework.context.annotation.ClassPathBeanDefinitionScanner - Identified candidate component class: URL [jar:file:/Users/liangjian/Documents/workspace/IDCCC/cmdb/cmdb-service/build/libs/cmdb-service-1.0.0-SNAPSHOT.jar!/com/sdg/cmdb/service/impl/AliyunLogManageServiceImpl.class]
14:56:17.249 [Test worker] DEBUG org.springframework.context.annotation.ClassPathBeanDefinitionScanner - Identified candidate component class: URL [jar:file:/Users/liangjian/Documents/workspace/IDCCC/cmdb/cmdb-service/build/libs/cmdb-service-1.0.0-SNAPSHOT.jar!/com/sdg/cmdb/service/impl/AliyunLogServiceImpl.class]
14:56:17.249 [Test worker] DEBUG org.springframework.context.annotation.ClassPathBeanDefinitionScanner - Identified candidate component class: URL [jar:file:/Users/liangjian/Documents/workspace/IDCCC/cmdb/cmdb-service/build/libs/cmdb-service-1.0.0-SNAPSHOT.jar!/com/sdg/cmdb/service/impl/AliyunServiceImpl.class]
14:56:17.250 [Test worker] DEBUG org.springframework.context.annotation.ClassPathBeanDefinitionScanner - Identified candidate component class: URL [jar:file:/Users/liangjian/Documents/workspace/IDCCC/cmdb/cmdb-service/build/libs/cmdb-service-1.0.0-SNAPSHOT.jar!/com/sdg/cmdb/service/impl/AnsibleTaskServiceImpl.class]
14:56:17.251 [Test worker] DEBUG org.springframework.context.annotation.ClassPathBeanDefinitionScanner - Identified candidate component class: URL [jar:file:/Users/liangjian/Documents/workspace/IDCCC/cmdb/cmdb-service/build/libs/cmdb-service-1.0.0-SNAPSHOT.jar!/com/sdg/cmdb/service/impl/AuthServiceImpl.class]
14:56:17.252 [Test worker] DEBUG org.springframework.context.annotation.ClassPathBeanDefinitionScanner - Identified candidate component class: URL [jar:file:/Users/liangjian/Documents/workspace/IDCCC/cmdb/cmdb-service/build/libs/cmdb-service-1.0.0-SNAPSHOT.jar!/com/sdg/cmdb/service/impl/CiServiceImpl.class]
14:56:17.252 [Test worker] DEBUG org.springframework.context.annotation.ClassPathBeanDefinitionScanner - Identified candidate component class: URL [jar:file:/Users/liangjian/Documents/workspace/IDCCC/cmdb/cmdb-service/build/libs/cmdb-service-1.0.0-SNAPSHOT.jar!/com/sdg/cmdb/service/impl/CiUserGroupServiceImpl.class]
14:56:17.252 [Test worker] DEBUG org.springframework.context.annotation.ClassPathBeanDefinitionScanner - Identified candidate component class: URL [jar:file:/Users/liangjian/Documents/workspace/IDCCC/cmdb/cmdb-service/build/libs/cmdb-service-1.0.0-SNAPSHOT.jar!/com/sdg/cmdb/service/impl/CmdbServiceImpl.class]
14:56:17.252 [Test worker] DEBUG org.springframework.context.annotation.ClassPathBeanDefinitionScanner - Identified candidate component class: URL [jar:file:/Users/liangjian/Documents/workspace/IDCCC/cmdb/cmdb-service/build/libs/cmdb-service-1.0.0-SNAPSHOT.jar!/com/sdg/cmdb/service/impl/ConfigCenterServiceImpl.class]
14:56:17.253 [Test worker] DEBUG org.springframework.context.annotation.ClassPathBeanDefinitionScanner - Identified candidate component class: URL [jar:file:/Users/liangjian/Documents/workspace/IDCCC/cmdb/cmdb-service/build/libs/cmdb-service-1.0.0-SNAPSHOT.jar!/com/sdg/cmdb/service/impl/ConfigServerGroupServiceImpl.class]
14:56:17.253 [Test worker] DEBUG org.springframework.context.annotation.ClassPathBeanDefinitionScanner - Identified candidate component class: URL [jar:file:/Users/liangjian/Documents/workspace/IDCCC/cmdb/cmdb-service/build/libs/cmdb-service-1.0.0-SNAPSHOT.jar!/com/sdg/cmdb/service/impl/ConfigServiceImpl.class]
14:56:17.253 [Test worker] DEBUG org.springframework.context.annotation.ClassPathBeanDefinitionScanner - Identified candidate component class: URL [jar:file:/Users/liangjian/Documents/workspace/IDCCC/cmdb/cmdb-service/build/libs/cmdb-service-1.0.0-SNAPSHOT.jar!/com/sdg/cmdb/service/impl/DingtalkServiceImpl.class]
14:56:17.254 [Test worker] DEBUG org.springframework.context.annotation.ClassPathBeanDefinitionScanner - Identified candidate component class: URL [jar:file:/Users/liangjian/Documents/workspace/IDCCC/cmdb/cmdb-service/build/libs/cmdb-service-1.0.0-SNAPSHOT.jar!/com/sdg/cmdb/service/impl/DnsServiceImpl.class]
14:56:17.254 [Test worker] DEBUG org.springframework.context.annotation.ClassPathBeanDefinitionScanner - Identified candidate component class: URL [jar:file:/Users/liangjian/Documents/workspace/IDCCC/cmdb/cmdb-service/build/libs/cmdb-service-1.0.0-SNAPSHOT.jar!/com/sdg/cmdb/service/impl/EcsCreateServiceImpl.class]
14:56:17.255 [Test worker] DEBUG org.springframework.context.annotation.ClassPathBeanDefinitionScanner - Identified candidate component class: URL [jar:file:/Users/liangjian/Documents/workspace/IDCCC/cmdb/cmdb-service/build/libs/cmdb-service-1.0.0-SNAPSHOT.jar!/com/sdg/cmdb/service/impl/EcsServiceImpl.class]
14:56:17.255 [Test worker] DEBUG org.springframework.context.annotation.ClassPathBeanDefinitionScanner - Identified candidate component class: URL [jar:file:/Users/liangjian/Documents/workspace/IDCCC/cmdb/cmdb-service/build/libs/cmdb-service-1.0.0-SNAPSHOT.jar!/com/sdg/cmdb/service/impl/ExplainServiceImpl.class]
14:56:17.255 [Test worker] DEBUG org.springframework.context.annotation.ClassPathBeanDefinitionScanner - Identified candidate component class: URL [jar:file:/Users/liangjian/Documents/workspace/IDCCC/cmdb/cmdb-service/build/libs/cmdb-service-1.0.0-SNAPSHOT.jar!/com/sdg/cmdb/service/impl/IPGroupServiceImpl.class]
14:56:17.256 [Test worker] DEBUG org.springframework.context.annotation.ClassPathBeanDefinitionScanner - Identified candidate component class: URL [jar:file:/Users/liangjian/Documents/workspace/IDCCC/cmdb/cmdb-service/build/libs/cmdb-service-1.0.0-SNAPSHOT.jar!/com/sdg/cmdb/service/impl/IPServiceImpl.class]
14:56:17.257 [Test worker] DEBUG org.springframework.context.annotation.ClassPathBeanDefinitionScanner - Identified candidate component class: URL [jar:file:/Users/liangjian/Documents/workspace/IDCCC/cmdb/cmdb-service/build/libs/cmdb-service-1.0.0-SNAPSHOT.jar!/com/sdg/cmdb/service/impl/KeyBoxServiceImpl.class]
14:56:17.257 [Test worker] DEBUG org.springframework.context.annotation.ClassPathBeanDefinitionScanner - Identified candidate component class: URL [jar:file:/Users/liangjian/Documents/workspace/IDCCC/cmdb/cmdb-service/build/libs/cmdb-service-1.0.0-SNAPSHOT.jar!/com/sdg/cmdb/service/impl/PhysicalServerServiceImpl.class]
14:56:17.257 [Test worker] DEBUG org.springframework.context.annotation.ClassPathBeanDefinitionScanner - Identified candidate component class: URL [jar:file:/Users/liangjian/Documents/workspace/IDCCC/cmdb/cmdb-service/build/libs/cmdb-service-1.0.0-SNAPSHOT.jar!/com/sdg/cmdb/service/impl/ServerCostServiceImpl.class]
14:56:17.257 [Test worker] DEBUG org.springframework.context.annotation.ClassPathBeanDefinitionScanner - Identified candidate component class: URL [jar:file:/Users/liangjian/Documents/workspace/IDCCC/cmdb/cmdb-service/build/libs/cmdb-service-1.0.0-SNAPSHOT.jar!/com/sdg/cmdb/service/impl/ServerGroupServiceImpl.class]
14:56:17.258 [Test worker] DEBUG org.springframework.context.annotation.ClassPathBeanDefinitionScanner - Identified candidate component class: URL [jar:file:/Users/liangjian/Documents/workspace/IDCCC/cmdb/cmdb-service/build/libs/cmdb-service-1.0.0-SNAPSHOT.jar!/com/sdg/cmdb/service/impl/ServerServiceImpl.class]
14:56:17.258 [Test worker] DEBUG org.springframework.context.annotation.ClassPathBeanDefinitionScanner - Identified candidate component class: URL [jar:file:/Users/liangjian/Documents/workspace/IDCCC/cmdb/cmdb-service/build/libs/cmdb-service-1.0.0-SNAPSHOT.jar!/com/sdg/cmdb/service/impl/ServerTaskServiceImpl.class]
14:56:17.258 [Test worker] DEBUG org.springframework.context.annotation.ClassPathBeanDefinitionScanner - Identified candidate component class: URL [jar:file:/Users/liangjian/Documents/workspace/IDCCC/cmdb/cmdb-service/build/libs/cmdb-service-1.0.0-SNAPSHOT.jar!/com/sdg/cmdb/service/impl/SystemServiceImpl.class]
14:56:17.259 [Test worker] DEBUG org.springframework.context.annotation.ClassPathBeanDefinitionScanner - Identified candidate component class: URL [jar:file:/Users/liangjian/Documents/workspace/IDCCC/cmdb/cmdb-service/build/libs/cmdb-service-1.0.0-SNAPSHOT.jar!/com/sdg/cmdb/service/impl/TodoServiceImpl.class]
14:56:17.259 [Test worker] DEBUG org.springframework.context.annotation.ClassPathBeanDefinitionScanner - Identified candidate component class: URL [jar:file:/Users/liangjian/Documents/workspace/IDCCC/cmdb/cmdb-service/build/libs/cmdb-service-1.0.0-SNAPSHOT.jar!/com/sdg/cmdb/service/impl/UserServiceImpl.class]
14:56:17.259 [Test worker] DEBUG org.springframework.context.annotation.ClassPathBeanDefinitionScanner - Identified candidate component class: URL [jar:file:/Users/liangjian/Documents/workspace/IDCCC/cmdb/cmdb-service/build/libs/cmdb-service-1.0.0-SNAPSHOT.jar!/com/sdg/cmdb/service/impl/VmServiceImpl.class]
14:56:17.264 [Test worker] DEBUG org.springframework.core.io.support.PathMatchingResourcePatternResolver - Resolved classpath location [com/sdg/cmdb/dao/] to resources [URL [jar:file:/Users/liangjian/Documents/workspace/IDCCC/cmdb/cmdb-service/build/libs/cmdb-service-1.0.0-SNAPSHOT.jar!/com/sdg/cmdb/dao/]]
14:56:17.264 [Test worker] DEBUG org.springframework.core.io.support.PathMatchingResourcePatternResolver - Looking for matching resources in jar file [file:/Users/liangjian/Documents/workspace/IDCCC/cmdb/cmdb-service/build/libs/cmdb-service-1.0.0-SNAPSHOT.jar]
14:56:17.265 [Test worker] DEBUG org.springframework.core.io.support.PathMatchingResourcePatternResolver - Resolved location pattern [classpath*:com/sdg/cmdb/dao/**/*.class] to resources [URL [jar:file:/Users/liangjian/Documents/workspace/IDCCC/cmdb/cmdb-service/build/libs/cmdb-service-1.0.0-SNAPSHOT.jar!/com/sdg/cmdb/dao/AliyunDao.class], URL [jar:file:/Users/liangjian/Documents/workspace/IDCCC/cmdb/cmdb-service/build/libs/cmdb-service-1.0.0-SNAPSHOT.jar!/com/sdg/cmdb/dao/AuthDao.class], URL [jar:file:/Users/liangjian/Documents/workspace/IDCCC/cmdb/cmdb-service/build/libs/cmdb-service-1.0.0-SNAPSHOT.jar!/com/sdg/cmdb/dao/CiDao.class], URL [jar:file:/Users/liangjian/Documents/workspace/IDCCC/cmdb/cmdb-service/build/libs/cmdb-service-1.0.0-SNAPSHOT.jar!/com/sdg/cmdb/dao/ConfigCenterDao.class], URL [jar:file:/Users/liangjian/Documents/workspace/IDCCC/cmdb/cmdb-service/build/libs/cmdb-service-1.0.0-SNAPSHOT.jar!/com/sdg/cmdb/dao/ConfigDao.class], URL [jar:file:/Users/liangjian/Documents/workspace/IDCCC/cmdb/cmdb-service/build/libs/cmdb-service-1.0.0-SNAPSHOT.jar!/com/sdg/cmdb/dao/DnsDao.class], URL [jar:file:/Users/liangjian/Documents/workspace/IDCCC/cmdb/cmdb-service/build/libs/cmdb-service-1.0.0-SNAPSHOT.jar!/com/sdg/cmdb/dao/ExplainDao.class], URL [jar:file:/Users/liangjian/Documents/workspace/IDCCC/cmdb/cmdb-service/build/libs/cmdb-service-1.0.0-SNAPSHOT.jar!/com/sdg/cmdb/dao/IPDao.class], URL [jar:file:/Users/liangjian/Documents/workspace/IDCCC/cmdb/cmdb-service/build/libs/cmdb-service-1.0.0-SNAPSHOT.jar!/com/sdg/cmdb/dao/IPGroupDao.class], URL [jar:file:/Users/liangjian/Documents/workspace/IDCCC/cmdb/cmdb-service/build/libs/cmdb-service-1.0.0-SNAPSHOT.jar!/com/sdg/cmdb/dao/IPServerGroupDao.class], URL [jar:file:/Users/liangjian/Documents/workspace/IDCCC/cmdb/cmdb-service/build/libs/cmdb-service-1.0.0-SNAPSHOT.jar!/com/sdg/cmdb/dao/KeyboxDao.class], URL [jar:file:/Users/liangjian/Documents/workspace/IDCCC/cmdb/cmdb-service/build/libs/cmdb-service-1.0.0-SNAPSHOT.jar!/com/sdg/cmdb/dao/LogCleanupDao.class], URL [jar:file:/Users/liangjian/Documents/workspace/IDCCC/cmdb/cmdb-service/build/libs/cmdb-service-1.0.0-SNAPSHOT.jar!/com/sdg/cmdb/dao/LogServiceDao.class], URL [jar:file:/Users/liangjian/Documents/workspace/IDCCC/cmdb/cmdb-service/build/libs/cmdb-service-1.0.0-SNAPSHOT.jar!/com/sdg/cmdb/dao/ServerDao.class], URL [jar:file:/Users/liangjian/Documents/workspace/IDCCC/cmdb/cmdb-service/build/libs/cmdb-service-1.0.0-SNAPSHOT.jar!/com/sdg/cmdb/dao/ServerGroupDao.class], URL [jar:file:/Users/liangjian/Documents/workspace/IDCCC/cmdb/cmdb-service/build/libs/cmdb-service-1.0.0-SNAPSHOT.jar!/com/sdg/cmdb/dao/SystemDao.class], URL [jar:file:/Users/liangjian/Documents/workspace/IDCCC/cmdb/cmdb-service/build/libs/cmdb-service-1.0.0-SNAPSHOT.jar!/com/sdg/cmdb/dao/TodoDao.class], URL [jar:file:/Users/liangjian/Documents/workspace/IDCCC/cmdb/cmdb-service/build/libs/cmdb-service-1.0.0-SNAPSHOT.jar!/com/sdg/cmdb/dao/UserDao.class], URL [jar:file:/Users/liangjian/Documents/workspace/IDCCC/cmdb/cmdb-service/build/libs/cmdb-service-1.0.0-SNAPSHOT.jar!/com/sdg/cmdb/dao/ZabbixServerDao.class]]
14:56:17.265 [Test worker] DEBUG org.springframework.context.annotation.ClassPathBeanDefinitionScanner - Ignored because not a concrete top-level class: URL [jar:file:/Users/liangjian/Documents/workspace/IDCCC/cmdb/cmdb-service/build/libs/cmdb-service-1.0.0-SNAPSHOT.jar!/com/sdg/cmdb/dao/AliyunDao.class]
14:56:17.265 [Test worker] DEBUG org.springframework.context.annotation.ClassPathBeanDefinitionScanner - Ignored because not a concrete top-level class: URL [jar:file:/Users/liangjian/Documents/workspace/IDCCC/cmdb/cmdb-service/build/libs/cmdb-service-1.0.0-SNAPSHOT.jar!/com/sdg/cmdb/dao/AuthDao.class]
14:56:17.266 [Test worker] DEBUG org.springframework.context.annotation.ClassPathBeanDefinitionScanner - Ignored because not a concrete top-level class: URL [jar:file:/Users/liangjian/Documents/workspace/IDCCC/cmdb/cmdb-service/build/libs/cmdb-service-1.0.0-SNAPSHOT.jar!/com/sdg/cmdb/dao/CiDao.class]
14:56:17.266 [Test worker] DEBUG org.springframework.context.annotation.ClassPathBeanDefinitionScanner - Ignored because not a concrete top-level class: URL [jar:file:/Users/liangjian/Documents/workspace/IDCCC/cmdb/cmdb-service/build/libs/cmdb-service-1.0.0-SNAPSHOT.jar!/com/sdg/cmdb/dao/ConfigCenterDao.class]
14:56:17.266 [Test worker] DEBUG org.springframework.context.annotation.ClassPathBeanDefinitionScanner - Ignored because not a concrete top-level class: URL [jar:file:/Users/liangjian/Documents/workspace/IDCCC/cmdb/cmdb-service/build/libs/cmdb-service-1.0.0-SNAPSHOT.jar!/com/sdg/cmdb/dao/ConfigDao.class]
14:56:17.266 [Test worker] DEBUG org.springframework.context.annotation.ClassPathBeanDefinitionScanner - Ignored because not a concrete top-level class: URL [jar:file:/Users/liangjian/Documents/workspace/IDCCC/cmdb/cmdb-service/build/libs/cmdb-service-1.0.0-SNAPSHOT.jar!/com/sdg/cmdb/dao/DnsDao.class]
14:56:17.266 [Test worker] DEBUG org.springframework.context.annotation.ClassPathBeanDefinitionScanner - Ignored because not a concrete top-level class: URL [jar:file:/Users/liangjian/Documents/workspace/IDCCC/cmdb/cmdb-service/build/libs/cmdb-service-1.0.0-SNAPSHOT.jar!/com/sdg/cmdb/dao/ExplainDao.class]
14:56:17.267 [Test worker] DEBUG org.springframework.context.annotation.ClassPathBeanDefinitionScanner - Ignored because not a concrete top-level class: URL [jar:file:/Users/liangjian/Documents/workspace/IDCCC/cmdb/cmdb-service/build/libs/cmdb-service-1.0.0-SNAPSHOT.jar!/com/sdg/cmdb/dao/IPDao.class]
14:56:17.267 [Test worker] DEBUG org.springframework.context.annotation.ClassPathBeanDefinitionScanner - Ignored because not a concrete top-level class: URL [jar:file:/Users/liangjian/Documents/workspace/IDCCC/cmdb/cmdb-service/build/libs/cmdb-service-1.0.0-SNAPSHOT.jar!/com/sdg/cmdb/dao/IPGroupDao.class]
14:56:17.267 [Test worker] DEBUG org.springframework.context.annotation.ClassPathBeanDefinitionScanner - Ignored because not a concrete top-level class: URL [jar:file:/Users/liangjian/Documents/workspace/IDCCC/cmdb/cmdb-service/build/libs/cmdb-service-1.0.0-SNAPSHOT.jar!/com/sdg/cmdb/dao/IPServerGroupDao.class]
14:56:17.267 [Test worker] DEBUG org.springframework.context.annotation.ClassPathBeanDefinitionScanner - Ignored because not a concrete top-level class: URL [jar:file:/Users/liangjian/Documents/workspace/IDCCC/cmdb/cmdb-service/build/libs/cmdb-service-1.0.0-SNAPSHOT.jar!/com/sdg/cmdb/dao/KeyboxDao.class]
14:56:17.267 [Test worker] DEBUG org.springframework.context.annotation.ClassPathBeanDefinitionScanner - Ignored because not a concrete top-level class: URL [jar:file:/Users/liangjian/Documents/workspace/IDCCC/cmdb/cmdb-service/build/libs/cmdb-service-1.0.0-SNAPSHOT.jar!/com/sdg/cmdb/dao/LogCleanupDao.class]
14:56:17.268 [Test worker] DEBUG org.springframework.context.annotation.ClassPathBeanDefinitionScanner - Ignored because not a concrete top-level class: URL [jar:file:/Users/liangjian/Documents/workspace/IDCCC/cmdb/cmdb-service/build/libs/cmdb-service-1.0.0-SNAPSHOT.jar!/com/sdg/cmdb/dao/LogServiceDao.class]
14:56:17.268 [Test worker] DEBUG org.springframework.context.annotation.ClassPathBeanDefinitionScanner - Ignored because not a concrete top-level class: URL [jar:file:/Users/liangjian/Documents/workspace/IDCCC/cmdb/cmdb-service/build/libs/cmdb-service-1.0.0-SNAPSHOT.jar!/com/sdg/cmdb/dao/ServerDao.class]
14:56:17.268 [Test worker] DEBUG org.springframework.context.annotation.ClassPathBeanDefinitionScanner - Ignored because not a concrete top-level class: URL [jar:file:/Users/liangjian/Documents/workspace/IDCCC/cmdb/cmdb-service/build/libs/cmdb-service-1.0.0-SNAPSHOT.jar!/com/sdg/cmdb/dao/ServerGroupDao.class]
14:56:17.268 [Test worker] DEBUG org.springframework.context.annotation.ClassPathBeanDefinitionScanner - Ignored because not a concrete top-level class: URL [jar:file:/Users/liangjian/Documents/workspace/IDCCC/cmdb/cmdb-service/build/libs/cmdb-service-1.0.0-SNAPSHOT.jar!/com/sdg/cmdb/dao/SystemDao.class]
14:56:17.268 [Test worker] DEBUG org.springframework.context.annotation.ClassPathBeanDefinitionScanner - Ignored because not a concrete top-level class: URL [jar:file:/Users/liangjian/Documents/workspace/IDCCC/cmdb/cmdb-service/build/libs/cmdb-service-1.0.0-SNAPSHOT.jar!/com/sdg/cmdb/dao/TodoDao.class]
14:56:17.269 [Test worker] DEBUG org.springframework.context.annotation.ClassPathBeanDefinitionScanner - Ignored because not a concrete top-level class: URL [jar:file:/Users/liangjian/Documents/workspace/IDCCC/cmdb/cmdb-service/build/libs/cmdb-service-1.0.0-SNAPSHOT.jar!/com/sdg/cmdb/dao/UserDao.class]
[...]
14:56:17.390 [Test worker] DEBUG org.mybatis.spring.mapper.ClassPathMapperScanner - Identified candidate component class: URL [jar:file:/Users/liangjian/Documents/workspace/IDCCC/cmdb/cmdb-service/build/libs/cmdb-service-1.0.0-SNAPSHOT.jar!/com/sdg/cmdb/dao/ExplainDao.class]
14:56:17.391 [Test worker] DEBUG org.mybatis.spring.mapper.ClassPathMapperScanner - Identified candidate component class: URL [jar:file:/Users/liangjian/Documents/workspace/IDCCC/cmdb/cmdb-service/build/libs/cmdb-service-1.0.0-SNAPSHOT.jar!/com/sdg/cmdb/dao/IPDao.class]
14:56:17.391 [Test worker] DEBUG org.mybatis.spring.mapper.ClassPathMapperScanner - Identified candidate component class: URL [jar:file:/Users/liangjian/Documents/workspace/IDCCC/cmdb/cmdb-service/build/libs/cmdb-service-1.0.0-SNAPSHOT.jar!/com/sdg/cmdb/dao/IPGroupDao.class]
14:56:17.392 [Test worker] DEBUG org.mybatis.spring.mapper.ClassPathMapperScanner - Identified candidate component class: URL [jar:file:/Users/liangjian/Documents/workspace/IDCCC/cmdb/cmdb-service/build/libs/cmdb-service-1.0.0-SNAPSHOT.jar!/com/sdg/cmdb/dao/IPServerGroupDao.class]
14:56:17.392 [Test worker] DEBUG org.mybatis.spring.mapper.ClassPathMapperScanner - Identified candidate component class: URL [jar:file:/Users/liangjian/Documents/workspace/IDCCC/cmdb/cmdb-service/build/libs/cmdb-service-1.0.0-SNAPSHOT.jar!/com/sdg/cmdb/dao/KeyboxDao.class]
14:56:17.392 [Test worker] DEBUG org.mybatis.spring.mapper.ClassPathMapperScanner - Identified candidate component class: URL [jar:file:/Users/liangjian/Documents/workspace/IDCCC/cmdb/cmdb-service/build/libs/cmdb-service-1.0.0-SNAPSHOT.jar!/com/sdg/cmdb/dao/LogCleanupDao.class]
14:56:17.393 [Test worker] DEBUG org.mybatis.spring.mapper.ClassPathMapperScanner - Identified candidate component class: URL [jar:file:/Users/liangjian/Documents/workspace/IDCCC/cmdb/cmdb-service/build/libs/cmdb-service-1.0.0-SNAPSHOT.jar!/com/sdg/cmdb/dao/LogServiceDao.class]
14:56:17.393 [Test worker] DEBUG org.mybatis.spring.mapper.ClassPathMapperScanner - Identified candidate component class: URL [jar:file:/Users/liangjian/Documents/workspace/IDCCC/cmdb/cmdb-service/build/libs/cmdb-service-1.0.0-SNAPSHOT.jar!/com/sdg/cmdb/dao/ServerDao.class]
14:56:17.393 [Test worker] DEBUG org.mybatis.spring.mapper.ClassPathMapperScanner - Identified candidate component class: URL [jar:file:/Users/liangjian/Documents/workspace/IDCCC/cmdb/cmdb-service/build/libs/cmdb-service-1.0.0-SNAPSHOT.jar!/com/sdg/cmdb/dao/ServerGroupDao.class]
14:56:17.394 [Test worker] DEBUG org.mybatis.spring.mapper.ClassPathMapperScanner - Identified candidate component class: URL [jar:file:/Users/liangjian/Documents/workspace/IDCCC/cmdb/cmdb-service/build/libs/cmdb-service-1.0.0-SNAPSHOT.jar!/com/sdg/cmdb/dao/SystemDao.class]
14:56:17.395 [Test worker] DEBUG org.mybatis.spring.mapper.ClassPathMapperScanner - Identified candidate component class: URL [jar:file:/Users/liangjian/Documents/workspace/IDCCC/cmdb/cmdb-service/build/libs/cmdb-service-1.0.0-SNAPSHOT.jar!/com/sdg/cmdb/dao/TodoDao.class]
14:56:17.396 [Test worker] DEBUG org.mybatis.spring.mapper.ClassPathMapperScanner - Identified candidate component class: URL [jar:file:/Users/liangjian/Documents/workspace/IDCCC/cmdb/cmdb-service/build/libs/cmdb-service-1.0.0-SNAPSHOT.jar!/com/sdg/cmdb/dao/UserDao.class]
14:56:17.397 [Test worker] DEBUG org.mybatis.spring.mapper.ClassPathMapperScanner - Identified candidate component class: URL [jar:file:/Users/liangjian/Documents/workspace/IDCCC/cmdb/cmdb-service/build/libs/cmdb-service-1.0.0-SNAPSHOT.jar!/com/sdg/cmdb/dao/ZabbixServerDao.class]
14:56:17.398 [Test worker] DEBUG org.mybatis.spring.mapper.ClassPathMapperScanner - Creating MapperFactoryBean with name 'aliyunDao' and 'com.sdg.cmdb.dao.AliyunDao' mapperInterface
14:56:17.398 [Test worker] DEBUG org.mybatis.spring.mapper.ClassPathMapperScanner - Creating MapperFactoryBean with name 'authDao' and 'com.sdg.cmdb.dao.AuthDao' mapperInterface
14:56:17.398 [Test worker] DEBUG org.mybatis.spring.mapper.ClassPathMapperScanner - Creating MapperFactoryBean with name 'ciDao' and 'com.sdg.cmdb.dao.CiDao' mapperInterface
14:56:17.398 [Test worker] DEBUG org.mybatis.spring.mapper.ClassPathMapperScanner - Creating MapperFactoryBean with name 'configCenterDao' and 'com.sdg.cmdb.dao.ConfigCenterDao' mapperInterface
14:56:17.398 [Test worker] DEBUG org.mybatis.spring.mapper.ClassPathMapperScanner - Creating MapperFactoryBean with name 'configDao' and 'com.sdg.cmdb.dao.ConfigDao' mapperInterface
14:56:17.398 [Test worker] DEBUG org.mybatis.spring.mapper.ClassPathMapperScanner - Creating MapperFactoryBean with name 'dnsDao' and 'com.sdg.cmdb.dao.DnsDao' mapperInterface
14:56:17.399 [Test worker] DEBUG org.mybatis.spring.mapper.ClassPathMapperScanner - Creating MapperFactoryBean with name 'explainDao' and 'com.sdg.cmdb.dao.ExplainDao' mapperInterface
14:56:17.399 [Test worker] DEBUG org.mybatis.spring.mapper.ClassPathMapperScanner - Creating MapperFactoryBean with name 'IPDao' and 'com.sdg.cmdb.dao.IPDao' mapperInterface
14:56:17.399 [Test worker] DEBUG org.mybatis.spring.mapper.ClassPathMapperScanner - Creating MapperFactoryBean with name 'IPGroupDao' and 'com.sdg.cmdb.dao.IPGroupDao' mapperInterface
14:56:17.399 [Test worker] DEBUG org.mybatis.spring.mapper.ClassPathMapperScanner - Creating MapperFactoryBean with name 'IPServerGroupDao' and 'com.sdg.cmdb.dao.IPServerGroupDao' mapperInterface
14:56:17.399 [Test worker] DEBUG org.mybatis.spring.mapper.ClassPathMapperScanner - Creating MapperFactoryBean with name 'keyboxDao' and 'com.sdg.cmdb.dao.KeyboxDao' mapperInterface
14:56:17.399 [Test worker] DEBUG org.mybatis.spring.mapper.ClassPathMapperScanner - Creating MapperFactoryBean with name 'logCleanupDao' and 'com.sdg.cmdb.dao.LogCleanupDao' mapperInterface
14:56:17.399 [Test worker] DEBUG org.mybatis.spring.mapper.ClassPathMapperScanner - Creating MapperFactoryBean with name 'logServiceDao' and 'com.sdg.cmdb.dao.LogServiceDao' mapperInterface
14:56:17.399 [Test worker] DEBUG org.mybatis.spring.mapper.ClassPathMapperScanner - Creating MapperFactoryBean with name 'serverDao' and 'com.sdg.cmdb.dao.ServerDao' mapperInterface
14:56:17.399 [Test worker] DEBUG org.mybatis.spring.mapper.ClassPathMapperScanner - Creating MapperFactoryBean with name 'serverGroupDao' and 'com.sdg.cmdb.dao.ServerGroupDao' mapperInterface
14:56:17.399 [Test worker] DEBUG org.mybatis.spring.mapper.ClassPathMapperScanner - Creating MapperFactoryBean with name 'systemDao' and 'com.sdg.cmdb.dao.SystemDao' mapperInterface
14:56:17.399 [Test worker] DEBUG org.mybatis.spring.mapper.ClassPathMapperScanner - Creating MapperFactoryBean with name 'todoDao' and 'com.sdg.cmdb.dao.TodoDao' mapperInterface
14:56:17.400 [Test worker] DEBUG org.mybatis.spring.mapper.ClassPathMapperScanner - Creating MapperFactoryBean with name 'userDao' and 'com.sdg.cmdb.dao.UserDao' mapperInterface
14:56:17.400 [Test worker] DEBUG org.mybatis.spring.mapper.ClassPathMapperScanner - Creating MapperFactoryBean with name 'zabbixServerDao' and 'com.sdg.cmdb.dao.ZabbixServerDao' mapperInterface
14:56:17.404 [Test worker] DEBUG org.springframework.beans.factory.support.DefaultListableBeanFactory - Creating shared instance of singleton bean 'propertyPlaceholderConfigurer'
14:56:17.405 [Test worker] DEBUG org.springframework.beans.factory.support.DefaultListableBeanFactory - Creating instance of bean 'propertyPlaceholderConfigurer'
14:56:17.405 [Test worker] DEBUG org.springframework.beans.factory.support.DefaultListableBeanFactory - Eagerly caching bean 'propertyPlaceholderConfigurer' to allow for resolving potential circular references
14:56:17.411 [Test worker] DEBUG org.springframework.beans.factory.support.DefaultListableBeanFactory - Finished creating instance of bean 'propertyPlaceholderConfigurer'
14:56:17.411 [Test worker] INFO org.springframework.beans.factory.config.PropertyPlaceholderConfigurer - Loading properties file from class path resource [server.properties]
14:56:17.412 [Test worker] WARN org.springframework.context.support.GenericApplicationContext - Exception encountered during context initialization - cancelling refresh attempt: org.springframework.beans.factory.BeanDefinitionStoreException: Invalid bean definition with name 'jedisConnFactory' defined in URL [jar:file:/Users/liangjian/Documents/workspace/IDCCC/cmdb/cmdb-service/build/libs/cmdb-service-1.0.0-SNAPSHOT.jar!/spring/redis.xml]: Could not resolve placeholder 'redis.host' in string value "${redis.host}"; nested exception is java.lang.IllegalArgumentException: Could not resolve placeholder 'redis.host' in string value "${redis.host}"
14:56:17.412 [Test worker] DEBUG org.springframework.beans.factory.support.DefaultListableBeanFactory - Destroying singletons in org.springframework.beans.factory.support.DefaultListableBeanFactory@12a73c31: defining beans [dingTalkHandler,ldapHandler,org.springframework.context.annotation.internalConfigurationAnnotationProcessor,org.springframework.context.annotation.internalAutowiredAnnotationProcessor,org.springframework.context.annotation.internalRequiredAnnotationProcessor,org.springframework.context.annotation.internalCommonAnnotationProcessor,org.springframework.context.event.internalEventListenerProcessor,org.springframework.context.event.internalEventListenerFactory,cacheEsxiHostService,ansibleService,configurationFileControlService,getwayService,ansibleHostServiceImpl,dnsmasqServiceImpl,systemInitServiceImpl,interfaceCIService,iptablsZookeeperService,nginxLocationKaService,nginxLocationManageService,nginxLocationService,nginxLocationSupplierService,nginxUpstreamService,shadowsocksService,tomcatInstallConfigService,emailService,aliyunLogManageServiceImpl,aliyunLogServiceImpl,aliyunServiceImpl,ansibleTaskServiceImpl,authService,ciServiceImpl,ciUserGroupServiceImpl,cmdbService,configCenterServiceImpl,configServerGroupServiceImpl,configServiceImpl,dingtalkServiceImpl,dnsServiceImpl,ecsCreateServiceImpl,ecsServiceImpl,explainServiceImpl,IPGroupServiceImpl,IPServiceImpl,keyBoxServiceImpl,physicalServerServiceImpl,serverCostServiceImpl,serverGroupServiceImpl,serverServiceImpl,serverTaskServiceImpl,systemServiceImpl,todoServiceImpl,userServiceImpl,vmServiceImpl,stat-filter,dataSource,transactionManager,transactionTemplate,sqlSessionFactory,mapperScanner,cmdbApplication,online,dubbo,com.sdg.cmdb.api.CmdbService,empQueryService,jedisConnFactory,redisTemplate,abstractTask,schedulerManager,cloudstackSchedulerExecutor,cloudstackScheduler,propertyPlaceholderConfigurer,cmdb,org.springframework.context.annotation.ConfigurationClassPostProcessor.importAwareProcessor,org.springframework.context.annotation.ConfigurationClassPostProcessor.enhancedConfigurationProcessor,aliyunDao,authDao,ciDao,configCenterDao,configDao,dnsDao,explainDao,IPDao,IPGroupDao,IPServerGroupDao,keyboxDao,logCleanupDao,logServiceDao,serverDao,serverGroupDao,systemDao,todoDao,userDao,zabbixServerDao]; root of factory hierarchy
14:56:17.413 [Test worker] ERROR org.springframework.test.context.TestContextManager - Caught exception while allowing TestExecutionListener [org.springframework.test.context.support.DependencyInjectionTestExecutionListener@311b0306] to prepare test instance [com.sdg.cmdb.template.tomcat.TomcatSetEnvTest@498aba5d]
java.lang.IllegalStateException: Failed to load ApplicationContext
	at org.springframework.test.context.cache.DefaultCacheAwareContextLoaderDelegate.loadContext(DefaultCacheAwareContextLoaderDelegate.java:124)
	at org.springframework.test.context.support.DefaultTestContext.getApplicationContext(DefaultTestContext.java:83)
	at org.springframework.test.context.support.DependencyInjectionTestExecutionListener.injectDependencies(DependencyInjectionTestExecutionListener.java:117)
	at org.springframework.test.context.support.DependencyInjectionTestExecutionListener.prepareTestInstance(DependencyInjectionTestExecutionListener.java:83)
	at org.springframework.test.context.TestContextManager.prepareTestInstance(TestContextManager.java:230)
	at org.springframework.test.context.junit4.SpringJUnit4ClassRunner.createTest(SpringJUnit4ClassRunner.java:228)
	at org.springframework.test.context.junit4.SpringJUnit4ClassRunner$1.runReflectiveCall(SpringJUnit4ClassRunner.java:287)
	at org.junit.internal.runners.model.ReflectiveCallable.run(ReflectiveCallable.java:12)
	at org.springframework.test.context.junit4.SpringJUnit4ClassRunner.methodBlock(SpringJUnit4ClassRunner.java:289)
	at org.springframework.test.context.junit4.SpringJUnit4ClassRunner.runChild(SpringJUnit4ClassRunner.java:247)
	at org.springframework.test.context.junit4.SpringJUnit4ClassRunner.runChild(SpringJUnit4ClassRunner.java:94)
	at org.junit.runners.ParentRunner$3.run(ParentRunner.java:290)
	at org.junit.runners.ParentRunner$1.schedule(ParentRunner.java:71)
	at org.junit.runners.ParentRunner.runChildren(ParentRunner.java:288)
	at org.junit.runners.ParentRunner.access$000(ParentRunner.java:58)
	at org.junit.runners.ParentRunner$2.evaluate(ParentRunner.java:268)
	at org.springframework.test.context.junit4.statements.RunBeforeTestClassCallbacks.evaluate(RunBeforeTestClassCallbacks.java:61)
	at org.springframework.test.context.junit4.statements.RunAfterTestClassCallbacks.evaluate(RunAfterTestClassCallbacks.java:70)
	at org.junit.runners.ParentRunner.run(ParentRunner.java:363)
	at org.springframework.test.context.junit4.SpringJUnit4ClassRunner.run(SpringJUnit4ClassRunner.java:191)
	at org.gradle.api.internal.tasks.testing.junit.JUnitTestClassExecuter.runTestClass(JUnitTestClassExecuter.java:114)
	at org.gradle.api.internal.tasks.testing.junit.JUnitTestClassExecuter.execute(JUnitTestClassExecuter.java:57)
	at org.gradle.api.internal.tasks.testing.junit.JUnitTestClassProcessor.processTestClass(JUnitTestClassProcessor.java:66)
	at org.gradle.api.internal.tasks.testing.SuiteTestClassProcessor.processTestClass(SuiteTestClassProcessor.java:51)
	at sun.reflect.NativeMethodAccessorImpl.invoke0(Native Method)
	at sun.reflect.NativeMethodAccessorImpl.invoke(NativeMethodAccessorImpl.java:62)
	at sun.reflect.DelegatingMethodAccessorImpl.invoke(DelegatingMethodAccessorImpl.java:43)
	at java.lang.reflect.Method.invoke(Method.java:498)
	at org.gradle.internal.dispatch.ReflectionDispatch.dispatch(ReflectionDispatch.java:35)
	at org.gradle.internal.dispatch.ReflectionDispatch.dispatch(ReflectionDispatch.java:24)
	at org.gradle.internal.dispatch.ContextClassLoaderDispatch.dispatch(ContextClassLoaderDispatch.java:32)
	at org.gradle.internal.dispatch.ProxyDispatchAdapter$DispatchingInvocationHandler.invoke(ProxyDispatchAdapter.java:93)
	at com.sun.proxy.$Proxy2.processTestClass(Unknown Source)
	at org.gradle.api.internal.tasks.testing.worker.TestWorker.processTestClass(TestWorker.java:109)
	at sun.reflect.NativeMethodAccessorImpl.invoke0(Native Method)
	at sun.reflect.NativeMethodAccessorImpl.invoke(NativeMethodAccessorImpl.java:62)
	at sun.reflect.DelegatingMethodAccessorImpl.invoke(DelegatingMethodAccessorImpl.java:43)
	at java.lang.reflect.Method.invoke(Method.java:498)
	at org.gradle.internal.dispatch.ReflectionDispatch.dispatch(ReflectionDispatch.java:35)
	at org.gradle.internal.dispatch.ReflectionDispatch.dispatch(ReflectionDispatch.java:24)
	at org.gradle.internal.remote.internal.hub.MessageHub$Handler.run(MessageHub.java:377)
	at org.gradle.internal.concurrent.ExecutorPolicy$CatchAndRecordFailures.onExecute(ExecutorPolicy.java:54)
	at org.gradle.internal.concurrent.StoppableExecutorImpl$1.run(StoppableExecutorImpl.java:40)
	at java.util.concurrent.ThreadPoolExecutor.runWorker(ThreadPoolExecutor.java:1149)
	at java.util.concurrent.ThreadPoolExecutor$Worker.run(ThreadPoolExecutor.java:624)
	at java.lang.Thread.run(Thread.java:748)
Caused by: org.springframework.beans.factory.BeanDefinitionStoreException: Invalid bean definition with name 'jedisConnFactory' defined in URL [jar:file:/Users/liangjian/Documents/workspace/IDCCC/cmdb/cmdb-service/build/libs/cmdb-service-1.0.0-SNAPSHOT.jar!/spring/redis.xml]: Could not resolve placeholder 'redis.host' in string value "${redis.host}"; nested exception is java.lang.IllegalArgumentException: Could not resolve placeholder 'redis.host' in string value "${redis.host}"
	at org.springframework.beans.factory.config.PlaceholderConfigurerSupport.doProcessProperties(PlaceholderConfigurerSupport.java:223)
	at org.springframework.beans.factory.config.PropertyPlaceholderConfigurer.processProperties(PropertyPlaceholderConfigurer.java:222)
	at org.springframework.beans.factory.config.PropertyResourceConfigurer.postProcessBeanFactory(PropertyResourceConfigurer.java:86)
	at org.springframework.context.support.PostProcessorRegistrationDelegate.invokeBeanFactoryPostProcessors(PostProcessorRegistrationDelegate.java:284)
	at org.springframework.context.support.PostProcessorRegistrationDelegate.invokeBeanFactoryPostProcessors(PostProcessorRegistrationDelegate.java:166)
	at org.springframework.context.support.AbstractApplicationContext.invokeBeanFactoryPostProcessors(AbstractApplicationContext.java:681)
	at org.springframework.context.support.AbstractApplicationContext.refresh(AbstractApplicationContext.java:523)
	at org.springframework.test.context.support.AbstractGenericContextLoader.loadContext(AbstractGenericContextLoader.java:128)
	at org.springframework.test.context.support.AbstractGenericContextLoader.loadContext(AbstractGenericContextLoader.java:60)
	at org.springframework.test.context.support.AbstractDelegatingSmartContextLoader.delegateLoading(AbstractDelegatingSmartContextLoader.java:108)
	at org.springframework.test.context.support.AbstractDelegatingSmartContextLoader.loadContext(AbstractDelegatingSmartContextLoader.java:251)
	at org.springframework.test.context.cache.DefaultCacheAwareContextLoaderDelegate.loadContextInternal(DefaultCacheAwareContextLoaderDelegate.java:98)
	at org.springframework.test.context.cache.DefaultCacheAwareContextLoaderDelegate.loadContext(DefaultCacheAwareContextLoaderDelegate.java:116)
	... 45 common frames omitted
Caused by: java.lang.IllegalArgumentException: Could not resolve placeholder 'redis.host' in string value "${redis.host}"
	at org.springframework.util.PropertyPlaceholderHelper.parseStringValue(PropertyPlaceholderHelper.java:174)
	at org.springframework.util.PropertyPlaceholderHelper.replacePlaceholders(PropertyPlaceholderHelper.java:126)
	at org.springframework.beans.factory.config.PropertyPlaceholderConfigurer$PlaceholderResolvingStringValueResolver.resolveStringValue(PropertyPlaceholderConfigurer.java:258)
	at org.springframework.beans.factory.config.BeanDefinitionVisitor.resolveStringValue(BeanDefinitionVisitor.java:282)
	at org.springframework.beans.factory.config.BeanDefinitionVisitor.resolveValue(BeanDefinitionVisitor.java:204)
	at org.springframework.beans.factory.config.BeanDefinitionVisitor.visitPropertyValues(BeanDefinitionVisitor.java:141)
	at org.springframework.beans.factory.config.BeanDefinitionVisitor.visitBeanDefinition(BeanDefinitionVisitor.java:82)
	at org.springframework.beans.factory.config.PlaceholderConfigurerSupport.doProcessProperties(PlaceholderConfigurerSupport.java:220)
	... 57 common frames omitted
14:56:17.420 [Test worker] DEBUG org.springframework.test.context.support.AbstractDirtiesContextTestExecutionListener - After test class: context [DefaultTestContext@3665c420 testClass = TomcatSetEnvTest, testInstance = [null], testMethod = [null], testException = [null], mergedContextConfiguration = [MergedContextConfiguration@12412c23 testClass = TomcatSetEnvTest, locations = '{classpath:springtest/context.xml}', classes = '{}', contextInitializerClasses = '[]', activeProfiles = '{}', propertySourceLocations = '{}', propertySourceProperties = '{}', contextCustomizers = set[[empty]], contextLoader = 'org.springframework.test.context.support.DelegatingSmartContextLoader', parent = [null]]], class annotated with @DirtiesContext [false] with mode [null].
]]></system-out>
  <system-err><![CDATA[]]></system-err>
</testsuite>
